#
# There is insufficient memory for the Java Runtime Environment to continue.
# Native memory allocation (malloc) failed to allocate 2644176 bytes for Chunk::new
# Possible reasons:
#   The system is out of physical RAM or swap space
#   The process is running with CompressedOops enabled, and the Java Heap may be blocking the growth of the native heap
# Possible solutions:
#   Reduce memory load on the system
#   Increase physical memory or swap space
#   Check if swap backing store is full
#   Decrease Java heap size (-Xmx/-Xms)
#   Decrease number of Java threads
#   Decrease Java thread stack sizes (-Xss)
#   Set larger code cache with -XX:ReservedCodeCacheSize=
#   JVM is running with Unscaled Compressed Oops mode in which the Java heap is
#     placed in the first 4GB address space. The Java Heap base address is the
#     maximum limit for the native heap growth. Please use -XX:HeapBaseMinAddress
#     to set the Java Heap base and to place the Java Heap above 4GB virtual address.
# This output file may be truncated or incomplete.
#
#  Out of Memory Error (arena.cpp:191), pid=14700, tid=14652
#
# JRE version: OpenJDK Runtime Environment Temurin-17.0.9+9 (17.0.9+9) (build 17.0.9+9)
# Java VM: OpenJDK 64-Bit Server VM Temurin-17.0.9+9 (17.0.9+9, mixed mode, tiered, compressed oops, compressed class ptrs, parallel gc, windows-amd64)
# No core dump will be written. Minidumps are not enabled by default on client versions of Windows
#

---------------  S U M M A R Y ------------

Command Line: --add-modules=ALL-SYSTEM --add-opens=java.base/java.util=ALL-UNNAMED --add-opens=java.base/java.lang=ALL-UNNAMED --add-opens=java.base/sun.nio.fs=ALL-UNNAMED -Declipse.application=org.eclipse.jdt.ls.core.id1 -Dosgi.bundles.defaultStartLevel=4 -Declipse.product=org.eclipse.jdt.ls.core.product -Djava.import.generatesMetadataFilesAtProjectRoot=false -DDetectVMInstallationsJob.disabled=true -Dfile.encoding=utf8 -XX:+UseParallelGC -XX:GCTimeRatio=4 -XX:AdaptiveSizePolicyWeight=90 -Dsun.zip.disableMemoryMapping=true -Xmx1G -Xms100m -Xlog:disable -javaagent:c:\Users\USER\.vscode\extensions\redhat.java-1.26.0-win32-x64\lombok\lombok-1.18.31-3454.jar c:\Users\USER\.vscode\extensions\redhat.java-1.26.0-win32-x64\server\plugins\org.eclipse.equinox.launcher_1.6.700.v20231214-2017.jar -configuration c:\Users\USER\AppData\Roaming\Code\User\globalStorage\redhat.java\1.26.0\config_ss_win -data c:\Users\USER\AppData\Roaming\Code\User\workspaceStorage\4344a5d1f8b4a11d63520348176aea8a\redhat.java\ss_ws --stdio

Host: Intel(R) Core(TM) i5-8250U CPU @ 1.60GHz, 8 cores, 7G,  Windows 10 , 64 bit Build 19041 (10.0.19041.3636)
Time: Sat Jan 13 01:57:22 2024 Afr. centrale Ouest elapsed time: 9.611438 seconds (0d 0h 0m 9s)

---------------  T H R E A D  ---------------

Current thread (0x0000011daf3589a0):  JavaThread "C2 CompilerThread0" daemon [_thread_in_native, id=14652, stack(0x00000013c7900000,0x00000013c7a00000)]


Current CompileTask:
C2:   9611 4235   !   4       org.eclipse.osgi.internal.loader.classpath.ClasspathManager::findLocalClass (210 bytes)

Stack: [0x00000013c7900000,0x00000013c7a00000]
Native frames: (J=compiled Java code, j=interpreted, Vv=VM code, C=native code)
V  [jvm.dll+0x67cf49]
V  [jvm.dll+0x83478a]
V  [jvm.dll+0x83624e]
V  [jvm.dll+0x8368b3]
V  [jvm.dll+0x247f1f]
V  [jvm.dll+0xac43c]
V  [jvm.dll+0xaca8c]
V  [jvm.dll+0x367012]
V  [jvm.dll+0x1bd722]
V  [jvm.dll+0x21a709]
V  [jvm.dll+0x2199d1]
V  [jvm.dll+0x1a57cd]
V  [jvm.dll+0x2297ae]
V  [jvm.dll+0x22797c]
V  [jvm.dll+0x7e9877]
V  [jvm.dll+0x7e3c3a]
V  [jvm.dll+0x67be35]
C  [ucrtbase.dll+0x21bb2]
C  [KERNEL32.DLL+0x17344]
C  [ntdll.dll+0x526b1]


---------------  P R O C E S S  ---------------

Threads class SMR info:
_java_thread_list=0x0000011db228a0f0, length=26, elements={
0x0000011d961a1a00, 0x0000011d9625df60, 0x0000011daf3665f0, 0x0000011daf3c1000,
0x0000011daf3c1c90, 0x0000011daf3c2820, 0x0000011daf357da0, 0x0000011daf3589a0,
0x0000011daf3a4ad0, 0x0000011daf42d570, 0x0000011daf4cdba0, 0x0000011db03111f0,
0x0000011db0c01cc0, 0x0000011db0882a50, 0x0000011db0f877c0, 0x0000011db0f86da0,
0x0000011db0f872b0, 0x0000011db0f89620, 0x0000011db0f86380, 0x0000011db0f87cd0,
0x0000011db0f886f0, 0x0000011db0f88c00, 0x0000011db08c1610, 0x0000011db08be880,
0x0000011db08c3980, 0x0000011db08c2030
}

Java Threads: ( => current thread )
  0x0000011d961a1a00 JavaThread "main" [_thread_blocked, id=10760, stack(0x00000013c7000000,0x00000013c7100000)]
  0x0000011d9625df60 JavaThread "Reference Handler" daemon [_thread_blocked, id=6720, stack(0x00000013c7300000,0x00000013c7400000)]
  0x0000011daf3665f0 JavaThread "Finalizer" daemon [_thread_blocked, id=3368, stack(0x00000013c7400000,0x00000013c7500000)]
  0x0000011daf3c1000 JavaThread "Signal Dispatcher" daemon [_thread_blocked, id=9912, stack(0x00000013c7500000,0x00000013c7600000)]
  0x0000011daf3c1c90 JavaThread "Attach Listener" daemon [_thread_blocked, id=7504, stack(0x00000013c7600000,0x00000013c7700000)]
  0x0000011daf3c2820 JavaThread "Service Thread" daemon [_thread_blocked, id=12776, stack(0x00000013c7700000,0x00000013c7800000)]
  0x0000011daf357da0 JavaThread "Monitor Deflation Thread" daemon [_thread_blocked, id=5532, stack(0x00000013c7800000,0x00000013c7900000)]
=>0x0000011daf3589a0 JavaThread "C2 CompilerThread0" daemon [_thread_in_native, id=14652, stack(0x00000013c7900000,0x00000013c7a00000)]
  0x0000011daf3a4ad0 JavaThread "C1 CompilerThread0" daemon [_thread_blocked, id=4648, stack(0x00000013c7a00000,0x00000013c7b00000)]
  0x0000011daf42d570 JavaThread "Sweeper thread" daemon [_thread_blocked, id=15992, stack(0x00000013c7b00000,0x00000013c7c00000)]
  0x0000011daf4cdba0 JavaThread "Common-Cleaner" daemon [_thread_blocked, id=4592, stack(0x00000013c7c00000,0x00000013c7d00000)]
  0x0000011db03111f0 JavaThread "Notification Thread" daemon [_thread_blocked, id=16348, stack(0x00000013c7e00000,0x00000013c7f00000)]
  0x0000011db0c01cc0 JavaThread "Active Thread: Equinox Container: bd6fca91-e45e-44b0-bde5-b89ac2eb329d" [_thread_blocked, id=7572, stack(0x00000013c8600000,0x00000013c8700000)]
  0x0000011db0882a50 JavaThread "Framework Event Dispatcher: Equinox Container: bd6fca91-e45e-44b0-bde5-b89ac2eb329d" daemon [_thread_blocked, id=5672, stack(0x00000013c8700000,0x00000013c8800000)]
  0x0000011db0f877c0 JavaThread "Start Level: Equinox Container: bd6fca91-e45e-44b0-bde5-b89ac2eb329d" daemon [_thread_blocked, id=15112, stack(0x00000013c8800000,0x00000013c8900000)]
  0x0000011db0f86da0 JavaThread "SCR Component Actor" daemon [_thread_blocked, id=15644, stack(0x00000013c8900000,0x00000013c8a00000)]
  0x0000011db0f872b0 JavaThread "Worker-JM" [_thread_blocked, id=15588, stack(0x00000013c8b00000,0x00000013c8c00000)]
  0x0000011db0f89620 JavaThread "Worker-0" [_thread_blocked, id=3984, stack(0x00000013c8c00000,0x00000013c8d00000)]
  0x0000011db0f86380 JavaThread "Worker-1" [_thread_blocked, id=7376, stack(0x00000013c8d00000,0x00000013c8e00000)]
  0x0000011db0f87cd0 JavaThread "Worker-2" [_thread_blocked, id=4992, stack(0x00000013c8f00000,0x00000013c9000000)]
  0x0000011db0f886f0 JavaThread "JNA Cleaner" daemon [_thread_blocked, id=12892, stack(0x00000013c9000000,0x00000013c9100000)]
  0x0000011db0f88c00 JavaThread "pool-2-thread-1" [_thread_blocked, id=1404, stack(0x00000013c9300000,0x00000013c9400000)]
  0x0000011db08c1610 JavaThread "WorkspaceEventsHandler" [_thread_blocked, id=1248, stack(0x00000013c8e00000,0x00000013c8f00000)]
  0x0000011db08be880 JavaThread "pool-1-thread-1" [_thread_in_native, id=10932, stack(0x00000013c9400000,0x00000013c9500000)]
  0x0000011db08c3980 JavaThread "ForkJoinPool.commonPool-worker-1" daemon [_thread_in_vm, id=5688, stack(0x00000013c9600000,0x00000013c9700000)]
  0x0000011db08c2030 JavaThread "ForkJoinPool.commonPool-worker-2" daemon [_thread_in_vm, id=15304, stack(0x00000013c9700000,0x00000013c9800000)]

Other Threads:
  0x0000011daf350230 VMThread "VM Thread" [stack: 0x00000013c7200000,0x00000013c7300000] [id=2896]
  0x0000011daf712be0 WatcherThread [stack: 0x00000013c7f00000,0x00000013c8000000] [id=1828]
  0x0000011d961b89f0 GCTaskThread "GC Thread#0" [stack: 0x00000013c7100000,0x00000013c7200000] [id=6480]
  0x0000011db0b00080 GCTaskThread "GC Thread#1" [stack: 0x00000013c8000000,0x00000013c8100000] [id=14368]
  0x0000011db0b00340 GCTaskThread "GC Thread#2" [stack: 0x00000013c8100000,0x00000013c8200000] [id=13448]
  0x0000011db0b00600 GCTaskThread "GC Thread#3" [stack: 0x00000013c8200000,0x00000013c8300000] [id=13152]
  0x0000011db0b008c0 GCTaskThread "GC Thread#4" [stack: 0x00000013c8300000,0x00000013c8400000] [id=10892]
  0x0000011db0b00b80 GCTaskThread "GC Thread#5" [stack: 0x00000013c8400000,0x00000013c8500000] [id=6012]
  0x0000011db05628c0 GCTaskThread "GC Thread#6" [stack: 0x00000013c8500000,0x00000013c8600000] [id=7492]
  0x0000011db06e1610 GCTaskThread "GC Thread#7" [stack: 0x00000013c8a00000,0x00000013c8b00000] [id=13664]

Threads with active compile tasks:
C2 CompilerThread0     9658 4235   !   4       org.eclipse.osgi.internal.loader.classpath.ClasspathManager::findLocalClass (210 bytes)

VM state: not at safepoint (normal execution)

VM Mutex/Monitor currently owned by a thread:  ([mutex/lock_event])
[0x0000011d93f40410] Metaspace_lock - owner thread: 0x0000011db08c2030

Heap address: 0x00000000c0000000, size: 1024 MB, Compressed Oops mode: 32-bit

CDS archive(s) not mapped
Compressed class space mapped at: 0x0000000100000000-0x0000000140000000, reserved size: 1073741824
Narrow klass base: 0x0000000000000000, Narrow klass shift: 3, Narrow klass range: 0x140000000

GC Precious Log:
 CPUs: 8 total, 8 available
 Memory: 8070M
 Large Page Support: Disabled
 NUMA Support: Disabled
 Compressed Oops: Enabled (32-bit)
 Alignments: Space 512K, Generation 512K, Heap 2M
 Heap Min Capacity: 100M
 Heap Initial Capacity: 100M
 Heap Max Capacity: 1G
 Pre-touch: Disabled
 Parallel Workers: 8

Heap:
 PSYoungGen      total 23040K, used 10232K [0x00000000eab00000, 0x00000000ec280000, 0x0000000100000000)
  eden space 21504K, 45% used [0x00000000eab00000,0x00000000eb47e308,0x00000000ec000000)
  from space 1536K, 33% used [0x00000000ec000000,0x00000000ec080010,0x00000000ec180000)
  to   space 1024K, 0% used [0x00000000ec180000,0x00000000ec180000,0x00000000ec280000)
 ParOldGen       total 68608K, used 25480K [0x00000000c0000000, 0x00000000c4300000, 0x00000000eab00000)
  object space 68608K, 37% used [0x00000000c0000000,0x00000000c18e2060,0x00000000c4300000)
 Metaspace       used 42269K, committed 43008K, reserved 1114112K
  class space    used 4339K, committed 4672K, reserved 1048576K

Card table byte_map: [0x0000011d95b40000,0x0000011d95d50000] _byte_map_base: 0x0000011d95540000

Marking Bits: (ParMarkBitMap*) 0x00007ff81997d0b0
 Begin Bits: [0x0000011da7e40000, 0x0000011da8e40000)
 End Bits:   [0x0000011da8e40000, 0x0000011da9e40000)

Polling page: 0x0000011d940e0000

Metaspace:

Usage:
  Non-class:     37.04 MB used.
      Class:      4.24 MB used.
       Both:     41.28 MB used.

Virtual space:
  Non-class space:       64.00 MB reserved,      37.44 MB ( 58%) committed,  1 nodes.
      Class space:        1.00 GB reserved,       4.56 MB ( <1%) committed,  1 nodes.
             Both:        1.06 GB reserved,      42.00 MB (  4%) committed. 

Chunk freelists:
   Non-Class:  10.28 MB
       Class:  11.32 MB
        Both:  21.60 MB

MaxMetaspaceSize: unlimited
CompressedClassSpaceSize: 1.00 GB
Initial GC threshold: 21.00 MB
Current GC threshold: 58.38 MB
CDS: off
MetaspaceReclaimPolicy: balanced
 - commit_granule_bytes: 65536.
 - commit_granule_words: 8192.
 - virtual_space_node_default_size: 8388608.
 - enlarge_chunks_in_place: 1.
 - new_chunks_are_fully_committed: 0.
 - uncommit_free_chunks: 1.
 - use_allocation_guard: 0.
 - handle_deallocations: 1.


Internal statistics:

num_allocs_failed_limit: 6.
num_arena_births: 400.
num_arena_deaths: 14.
num_vsnodes_births: 2.
num_vsnodes_deaths: 0.
num_space_committed: 672.
num_space_uncommitted: 0.
num_chunks_returned_to_freelist: 20.
num_chunks_taken_from_freelist: 1786.
num_chunk_merges: 11.
num_chunk_splits: 1166.
num_chunks_enlarged: 769.
num_inconsistent_stats: 0.

CodeHeap 'non-profiled nmethods': size=120000Kb used=2258Kb max_used=2258Kb free=117741Kb
 bounds [0x0000011da0910000, 0x0000011da0b80000, 0x0000011da7e40000]
CodeHeap 'profiled nmethods': size=120000Kb used=8727Kb max_used=8727Kb free=111272Kb
 bounds [0x0000011d98e40000, 0x0000011d996d0000, 0x0000011da0370000]
CodeHeap 'non-nmethods': size=5760Kb used=1298Kb max_used=1348Kb free=4461Kb
 bounds [0x0000011da0370000, 0x0000011da05e0000, 0x0000011da0910000]
 total_blobs=4957 nmethods=4328 adapters=542
 compilation: enabled
              stopped_count=0, restarted_count=0
 full_count=0

Compilation events (20 events):
Event: 9.248 Thread 0x0000011db13d7300 4309       4       org.eclipse.osgi.internal.loader.BundleLoader::searchHooks (192 bytes)
Event: 9.249 Thread 0x0000011daf3a4ad0 4311       3       com.google.gson.internal.bind.TypeAdapters$28::readTerminal (131 bytes)
Event: 9.251 Thread 0x0000011daf3a4ad0 nmethod 4311 0x0000011d996acb90 code [0x0000011d996acf00, 0x0000011d996ae5d8]
Event: 9.251 Thread 0x0000011daf3a4ad0 4313       3       java.nio.CharBuffer::position (6 bytes)
Event: 9.252 Thread 0x0000011daf3a4ad0 nmethod 4313 0x0000011d996aed90 code [0x0000011d996aef40, 0x0000011d996af0e8]
Event: 9.252 Thread 0x0000011daf3a4ad0 4314       3       java.net.URI::getPath (31 bytes)
Event: 9.252 Thread 0x0000011daf3a4ad0 nmethod 4314 0x0000011d996af190 code [0x0000011d996af340, 0x0000011d996af588]
Event: 9.252 Thread 0x0000011daf3a4ad0 4315       3       org.eclipse.core.runtime.IPath::fromOSString (9 bytes)
Event: 9.252 Thread 0x0000011daf3a4ad0 nmethod 4315 0x0000011d996af690 code [0x0000011d996af840, 0x0000011d996afa28]
Event: 9.252 Thread 0x0000011daf3a4ad0 4316       3       java.io.File::getParent (65 bytes)
Event: 9.253 Thread 0x0000011daf3a4ad0 nmethod 4316 0x0000011d996afb10 code [0x0000011d996afd40, 0x0000011d996b0438]
Event: 9.253 Thread 0x0000011daf3a4ad0 4317       3       org.eclipse.jdt.internal.compiler.parser.Scanner::internalScanIdentifierOrKeyword (4773 bytes)
Event: 9.272 Thread 0x0000011daf3a4ad0 nmethod 4317 0x0000011d996b0710 code [0x0000011d996b14a0, 0x0000011d996bc7d8]
Event: 9.272 Thread 0x0000011daf3a4ad0 4318       1       java.nio.charset.Charset::name (5 bytes)
Event: 9.272 Thread 0x0000011daf3a4ad0 nmethod 4318 0x0000011da0b3c690 code [0x0000011da0b3c820, 0x0000011da0b3c8f8]
Event: 9.407 Thread 0x0000011db13d7300 nmethod 4309 0x0000011da0b3c990 code [0x0000011da0b3ce80, 0x0000011da0b40568]
Event: 9.407 Thread 0x0000011db13d7300 4310       4       java.lang.Integer::parseInt (264 bytes)
Event: 9.414 Thread 0x0000011db13d7300 nmethod 4310 0x0000011da0b43290 code [0x0000011da0b43440, 0x0000011da0b438b8]
Event: 9.414 Thread 0x0000011db13d7300 4312       4       java.lang.invoke.Invokers$Holder::linkToTargetMethod (9 bytes)
Event: 9.415 Thread 0x0000011db13d7300 nmethod 4312 0x0000011da0b43d10 code [0x0000011da0b43ea0, 0x0000011da0b43f78]

GC Heap History (20 events):
Event: 6.534 GC heap before
{Heap before GC invocations=10 (full 1):
 PSYoungGen      total 27136K, used 4201K [0x00000000eab00000, 0x00000000ec980000, 0x0000000100000000)
  eden space 23552K, 3% used [0x00000000eab00000,0x00000000eabd4b30,0x00000000ec200000)
  from space 3584K, 93% used [0x00000000ec600000,0x00000000ec945a18,0x00000000ec980000)
  to   space 3584K, 0% used [0x00000000ec280000,0x00000000ec280000,0x00000000ec600000)
 ParOldGen       total 68608K, used 8433K [0x00000000c0000000, 0x00000000c4300000, 0x00000000eab00000)
  object space 68608K, 12% used [0x00000000c0000000,0x00000000c083c430,0x00000000c4300000)
 Metaspace       used 35187K, committed 35840K, reserved 1114112K
  class space    used 3553K, committed 3840K, reserved 1048576K
}
Event: 6.537 GC heap after
{Heap after GC invocations=10 (full 1):
 PSYoungGen      total 26624K, used 2697K [0x00000000eab00000, 0x00000000ec800000, 0x0000000100000000)
  eden space 23552K, 0% used [0x00000000eab00000,0x00000000eab00000,0x00000000ec200000)
  from space 3072K, 87% used [0x00000000ec280000,0x00000000ec5226a0,0x00000000ec580000)
  to   space 2560K, 0% used [0x00000000ec580000,0x00000000ec580000,0x00000000ec800000)
 ParOldGen       total 68608K, used 9138K [0x00000000c0000000, 0x00000000c4300000, 0x00000000eab00000)
  object space 68608K, 13% used [0x00000000c0000000,0x00000000c08ecb38,0x00000000c4300000)
 Metaspace       used 35187K, committed 35840K, reserved 1114112K
  class space    used 3553K, committed 3840K, reserved 1048576K
}
Event: 6.537 GC heap before
{Heap before GC invocations=11 (full 2):
 PSYoungGen      total 26624K, used 2697K [0x00000000eab00000, 0x00000000ec800000, 0x0000000100000000)
  eden space 23552K, 0% used [0x00000000eab00000,0x00000000eab00000,0x00000000ec200000)
  from space 3072K, 87% used [0x00000000ec280000,0x00000000ec5226a0,0x00000000ec580000)
  to   space 2560K, 0% used [0x00000000ec580000,0x00000000ec580000,0x00000000ec800000)
 ParOldGen       total 68608K, used 9138K [0x00000000c0000000, 0x00000000c4300000, 0x00000000eab00000)
  object space 68608K, 13% used [0x00000000c0000000,0x00000000c08ecb38,0x00000000c4300000)
 Metaspace       used 35187K, committed 35840K, reserved 1114112K
  class space    used 3553K, committed 3840K, reserved 1048576K
}
Event: 6.573 GC heap after
{Heap after GC invocations=11 (full 2):
 PSYoungGen      total 26624K, used 0K [0x00000000eab00000, 0x00000000ec800000, 0x0000000100000000)
  eden space 23552K, 0% used [0x00000000eab00000,0x00000000eab00000,0x00000000ec200000)
  from space 3072K, 0% used [0x00000000ec280000,0x00000000ec280000,0x00000000ec580000)
  to   space 2560K, 0% used [0x00000000ec580000,0x00000000ec580000,0x00000000ec800000)
 ParOldGen       total 68608K, used 11499K [0x00000000c0000000, 0x00000000c4300000, 0x00000000eab00000)
  object space 68608K, 16% used [0x00000000c0000000,0x00000000c0b3ae78,0x00000000c4300000)
 Metaspace       used 35187K, committed 35840K, reserved 1114112K
  class space    used 3553K, committed 3840K, reserved 1048576K
}
Event: 6.924 GC heap before
{Heap before GC invocations=12 (full 2):
 PSYoungGen      total 26624K, used 23552K [0x00000000eab00000, 0x00000000ec800000, 0x0000000100000000)
  eden space 23552K, 100% used [0x00000000eab00000,0x00000000ec200000,0x00000000ec200000)
  from space 3072K, 0% used [0x00000000ec280000,0x00000000ec280000,0x00000000ec580000)
  to   space 2560K, 0% used [0x00000000ec580000,0x00000000ec580000,0x00000000ec800000)
 ParOldGen       total 68608K, used 11499K [0x00000000c0000000, 0x00000000c4300000, 0x00000000eab00000)
  object space 68608K, 16% used [0x00000000c0000000,0x00000000c0b3ae78,0x00000000c4300000)
 Metaspace       used 36676K, committed 37440K, reserved 1114112K
  class space    used 3726K, committed 4096K, reserved 1048576K
}
Event: 6.926 GC heap after
{Heap after GC invocations=12 (full 2):
 PSYoungGen      total 25600K, used 2240K [0x00000000eab00000, 0x00000000ec800000, 0x0000000100000000)
  eden space 23040K, 0% used [0x00000000eab00000,0x00000000eab00000,0x00000000ec180000)
  from space 2560K, 87% used [0x00000000ec580000,0x00000000ec7b0040,0x00000000ec800000)
  to   space 2560K, 0% used [0x00000000ec300000,0x00000000ec300000,0x00000000ec580000)
 ParOldGen       total 68608K, used 11507K [0x00000000c0000000, 0x00000000c4300000, 0x00000000eab00000)
  object space 68608K, 16% used [0x00000000c0000000,0x00000000c0b3ce78,0x00000000c4300000)
 Metaspace       used 36676K, committed 37440K, reserved 1114112K
  class space    used 3726K, committed 4096K, reserved 1048576K
}
Event: 7.071 GC heap before
{Heap before GC invocations=13 (full 2):
 PSYoungGen      total 25600K, used 25280K [0x00000000eab00000, 0x00000000ec800000, 0x0000000100000000)
  eden space 23040K, 100% used [0x00000000eab00000,0x00000000ec180000,0x00000000ec180000)
  from space 2560K, 87% used [0x00000000ec580000,0x00000000ec7b0040,0x00000000ec800000)
  to   space 2560K, 0% used [0x00000000ec300000,0x00000000ec300000,0x00000000ec580000)
 ParOldGen       total 68608K, used 11507K [0x00000000c0000000, 0x00000000c4300000, 0x00000000eab00000)
  object space 68608K, 16% used [0x00000000c0000000,0x00000000c0b3ce78,0x00000000c4300000)
 Metaspace       used 36881K, committed 37632K, reserved 1114112K
  class space    used 3745K, committed 4096K, reserved 1048576K
}
Event: 7.075 GC heap after
{Heap after GC invocations=13 (full 2):
 PSYoungGen      total 25088K, used 2368K [0x00000000eab00000, 0x00000000ec600000, 0x0000000100000000)
  eden space 22528K, 0% used [0x00000000eab00000,0x00000000eab00000,0x00000000ec100000)
  from space 2560K, 92% used [0x00000000ec300000,0x00000000ec550010,0x00000000ec580000)
  to   space 512K, 0% used [0x00000000ec580000,0x00000000ec580000,0x00000000ec600000)
 ParOldGen       total 68608K, used 13614K [0x00000000c0000000, 0x00000000c4300000, 0x00000000eab00000)
  object space 68608K, 19% used [0x00000000c0000000,0x00000000c0d4b848,0x00000000c4300000)
 Metaspace       used 36881K, committed 37632K, reserved 1114112K
  class space    used 3745K, committed 4096K, reserved 1048576K
}
Event: 7.202 GC heap before
{Heap before GC invocations=14 (full 2):
 PSYoungGen      total 25088K, used 24896K [0x00000000eab00000, 0x00000000ec600000, 0x0000000100000000)
  eden space 22528K, 100% used [0x00000000eab00000,0x00000000ec100000,0x00000000ec100000)
  from space 2560K, 92% used [0x00000000ec300000,0x00000000ec550010,0x00000000ec580000)
  to   space 512K, 0% used [0x00000000ec580000,0x00000000ec580000,0x00000000ec600000)
 ParOldGen       total 68608K, used 13614K [0x00000000c0000000, 0x00000000c4300000, 0x00000000eab00000)
  object space 68608K, 19% used [0x00000000c0000000,0x00000000c0d4b848,0x00000000c4300000)
 Metaspace       used 36958K, committed 37632K, reserved 1114112K
  class space    used 3757K, committed 4096K, reserved 1048576K
}
Event: 7.207 GC heap after
{Heap after GC invocations=14 (full 2):
 PSYoungGen      total 22016K, used 512K [0x00000000eab00000, 0x00000000ecb80000, 0x0000000100000000)
  eden space 21504K, 0% used [0x00000000eab00000,0x00000000eab00000,0x00000000ec000000)
  from space 512K, 100% used [0x00000000ec580000,0x00000000ec600000,0x00000000ec600000)
  to   space 5632K, 0% used [0x00000000ec000000,0x00000000ec000000,0x00000000ec580000)
 ParOldGen       total 68608K, used 17986K [0x00000000c0000000, 0x00000000c4300000, 0x00000000eab00000)
  object space 68608K, 26% used [0x00000000c0000000,0x00000000c1190bc0,0x00000000c4300000)
 Metaspace       used 36958K, committed 37632K, reserved 1114112K
  class space    used 3757K, committed 4096K, reserved 1048576K
}
Event: 7.272 GC heap before
{Heap before GC invocations=15 (full 2):
 PSYoungGen      total 22016K, used 22016K [0x00000000eab00000, 0x00000000ecb80000, 0x0000000100000000)
  eden space 21504K, 100% used [0x00000000eab00000,0x00000000ec000000,0x00000000ec000000)
  from space 512K, 100% used [0x00000000ec580000,0x00000000ec600000,0x00000000ec600000)
  to   space 5632K, 0% used [0x00000000ec000000,0x00000000ec000000,0x00000000ec580000)
 ParOldGen       total 68608K, used 17986K [0x00000000c0000000, 0x00000000c4300000, 0x00000000eab00000)
  object space 68608K, 26% used [0x00000000c0000000,0x00000000c1190bc0,0x00000000c4300000)
 Metaspace       used 36958K, committed 37632K, reserved 1114112K
  class space    used 3757K, committed 4096K, reserved 1048576K
}
Event: 7.275 GC heap after
{Heap after GC invocations=15 (full 2):
 PSYoungGen      total 24064K, used 2464K [0x00000000eab00000, 0x00000000ec700000, 0x0000000100000000)
  eden space 21504K, 0% used [0x00000000eab00000,0x00000000eab00000,0x00000000ec000000)
  from space 2560K, 96% used [0x00000000ec000000,0x00000000ec268000,0x00000000ec280000)
  to   space 3584K, 0% used [0x00000000ec380000,0x00000000ec380000,0x00000000ec700000)
 ParOldGen       total 68608K, used 18537K [0x00000000c0000000, 0x00000000c4300000, 0x00000000eab00000)
  object space 68608K, 27% used [0x00000000c0000000,0x00000000c121a780,0x00000000c4300000)
 Metaspace       used 36958K, committed 37632K, reserved 1114112K
  class space    used 3757K, committed 4096K, reserved 1048576K
}
Event: 7.372 GC heap before
{Heap before GC invocations=16 (full 2):
 PSYoungGen      total 24064K, used 23968K [0x00000000eab00000, 0x00000000ec700000, 0x0000000100000000)
  eden space 21504K, 100% used [0x00000000eab00000,0x00000000ec000000,0x00000000ec000000)
  from space 2560K, 96% used [0x00000000ec000000,0x00000000ec268000,0x00000000ec280000)
  to   space 3584K, 0% used [0x00000000ec380000,0x00000000ec380000,0x00000000ec700000)
 ParOldGen       total 68608K, used 18537K [0x00000000c0000000, 0x00000000c4300000, 0x00000000eab00000)
  object space 68608K, 27% used [0x00000000c0000000,0x00000000c121a780,0x00000000c4300000)
 Metaspace       used 36958K, committed 37632K, reserved 1114112K
  class space    used 3757K, committed 4096K, reserved 1048576K
}
Event: 7.376 GC heap after
{Heap after GC invocations=16 (full 2):
 PSYoungGen      total 24064K, used 2464K [0x00000000eab00000, 0x00000000ec600000, 0x0000000100000000)
  eden space 21504K, 0% used [0x00000000eab00000,0x00000000eab00000,0x00000000ec000000)
  from space 2560K, 96% used [0x00000000ec380000,0x00000000ec5e8010,0x00000000ec600000)
  to   space 3072K, 0% used [0x00000000ec000000,0x00000000ec000000,0x00000000ec300000)
 ParOldGen       total 68608K, used 20921K [0x00000000c0000000, 0x00000000c4300000, 0x00000000eab00000)
  object space 68608K, 30% used [0x00000000c0000000,0x00000000c146e780,0x00000000c4300000)
 Metaspace       used 36958K, committed 37632K, reserved 1114112K
  class space    used 3757K, committed 4096K, reserved 1048576K
}
Event: 7.784 GC heap before
{Heap before GC invocations=17 (full 2):
 PSYoungGen      total 24064K, used 23967K [0x00000000eab00000, 0x00000000ec600000, 0x0000000100000000)
  eden space 21504K, 99% used [0x00000000eab00000,0x00000000ebffffe8,0x00000000ec000000)
  from space 2560K, 96% used [0x00000000ec380000,0x00000000ec5e8010,0x00000000ec600000)
  to   space 3072K, 0% used [0x00000000ec000000,0x00000000ec000000,0x00000000ec300000)
 ParOldGen       total 68608K, used 20921K [0x00000000c0000000, 0x00000000c4300000, 0x00000000eab00000)
  object space 68608K, 30% used [0x00000000c0000000,0x00000000c146e780,0x00000000c4300000)
 Metaspace       used 37754K, committed 38528K, reserved 1114112K
  class space    used 3846K, committed 4224K, reserved 1048576K
}
Event: 7.789 GC heap after
{Heap after GC invocations=17 (full 2):
 PSYoungGen      total 23552K, used 1568K [0x00000000eab00000, 0x00000000ec400000, 0x0000000100000000)
  eden space 21504K, 0% used [0x00000000eab00000,0x00000000eab00000,0x00000000ec000000)
  from space 2048K, 76% used [0x00000000ec000000,0x00000000ec188000,0x00000000ec200000)
  to   space 2048K, 0% used [0x00000000ec200000,0x00000000ec200000,0x00000000ec400000)
 ParOldGen       total 68608K, used 23276K [0x00000000c0000000, 0x00000000c4300000, 0x00000000eab00000)
  object space 68608K, 33% used [0x00000000c0000000,0x00000000c16bb368,0x00000000c4300000)
 Metaspace       used 37754K, committed 38528K, reserved 1114112K
  class space    used 3846K, committed 4224K, reserved 1048576K
}
Event: 8.411 GC heap before
{Heap before GC invocations=18 (full 2):
 PSYoungGen      total 23552K, used 23072K [0x00000000eab00000, 0x00000000ec400000, 0x0000000100000000)
  eden space 21504K, 100% used [0x00000000eab00000,0x00000000ec000000,0x00000000ec000000)
  from space 2048K, 76% used [0x00000000ec000000,0x00000000ec188000,0x00000000ec200000)
  to   space 2048K, 0% used [0x00000000ec200000,0x00000000ec200000,0x00000000ec400000)
 ParOldGen       total 68608K, used 23276K [0x00000000c0000000, 0x00000000c4300000, 0x00000000eab00000)
  object space 68608K, 33% used [0x00000000c0000000,0x00000000c16bb368,0x00000000c4300000)
 Metaspace       used 39842K, committed 40704K, reserved 1114112K
  class space    used 4105K, committed 4480K, reserved 1048576K
}
Event: 8.413 GC heap after
{Heap after GC invocations=18 (full 2):
 PSYoungGen      total 22528K, used 857K [0x00000000eab00000, 0x00000000ec300000, 0x0000000100000000)
  eden space 21504K, 0% used [0x00000000eab00000,0x00000000eab00000,0x00000000ec000000)
  from space 1024K, 83% used [0x00000000ec200000,0x00000000ec2d6630,0x00000000ec300000)
  to   space 1536K, 0% used [0x00000000ec000000,0x00000000ec000000,0x00000000ec180000)
 ParOldGen       total 68608K, used 24730K [0x00000000c0000000, 0x00000000c4300000, 0x00000000eab00000)
  object space 68608K, 36% used [0x00000000c0000000,0x00000000c1826b08,0x00000000c4300000)
 Metaspace       used 39842K, committed 40704K, reserved 1114112K
  class space    used 4105K, committed 4480K, reserved 1048576K
}
Event: 8.893 GC heap before
{Heap before GC invocations=19 (full 2):
 PSYoungGen      total 22528K, used 22298K [0x00000000eab00000, 0x00000000ec300000, 0x0000000100000000)
  eden space 21504K, 99% used [0x00000000eab00000,0x00000000ebff0398,0x00000000ec000000)
  from space 1024K, 83% used [0x00000000ec200000,0x00000000ec2d6630,0x00000000ec300000)
  to   space 1536K, 0% used [0x00000000ec000000,0x00000000ec000000,0x00000000ec180000)
 ParOldGen       total 68608K, used 24730K [0x00000000c0000000, 0x00000000c4300000, 0x00000000eab00000)
  object space 68608K, 36% used [0x00000000c0000000,0x00000000c1826b08,0x00000000c4300000)
 Metaspace       used 40895K, committed 41600K, reserved 1114112K
  class space    used 4220K, committed 4544K, reserved 1048576K
}
Event: 8.894 GC heap after
{Heap after GC invocations=19 (full 2):
 PSYoungGen      total 23040K, used 512K [0x00000000eab00000, 0x00000000ec280000, 0x0000000100000000)
  eden space 21504K, 0% used [0x00000000eab00000,0x00000000eab00000,0x00000000ec000000)
  from space 1536K, 33% used [0x00000000ec000000,0x00000000ec080010,0x00000000ec180000)
  to   space 1024K, 0% used [0x00000000ec180000,0x00000000ec180000,0x00000000ec280000)
 ParOldGen       total 68608K, used 25480K [0x00000000c0000000, 0x00000000c4300000, 0x00000000eab00000)
  object space 68608K, 37% used [0x00000000c0000000,0x00000000c18e2060,0x00000000c4300000)
 Metaspace       used 40895K, committed 41600K, reserved 1114112K
  class space    used 4220K, committed 4544K, reserved 1048576K
}

Dll operation events (10 events):
Event: 0.024 Loaded shared library c:\Users\USER\.vscode\extensions\redhat.java-1.26.0-win32-x64\jre\17.0.9-win32-x86_64\bin\java.dll
Event: 0.308 Loaded shared library c:\Users\USER\.vscode\extensions\redhat.java-1.26.0-win32-x64\jre\17.0.9-win32-x86_64\bin\zip.dll
Event: 0.317 Loaded shared library C:\Users\USER\.vscode\extensions\redhat.java-1.26.0-win32-x64\jre\17.0.9-win32-x86_64\bin\instrument.dll
Event: 0.352 Loaded shared library C:\Users\USER\.vscode\extensions\redhat.java-1.26.0-win32-x64\jre\17.0.9-win32-x86_64\bin\net.dll
Event: 0.356 Loaded shared library C:\Users\USER\.vscode\extensions\redhat.java-1.26.0-win32-x64\jre\17.0.9-win32-x86_64\bin\nio.dll
Event: 0.372 Loaded shared library C:\Users\USER\.vscode\extensions\redhat.java-1.26.0-win32-x64\jre\17.0.9-win32-x86_64\bin\zip.dll
Event: 0.402 Loaded shared library C:\Users\USER\.vscode\extensions\redhat.java-1.26.0-win32-x64\jre\17.0.9-win32-x86_64\bin\jimage.dll
Event: 0.526 Loaded shared library c:\Users\USER\.vscode\extensions\redhat.java-1.26.0-win32-x64\jre\17.0.9-win32-x86_64\bin\verify.dll
Event: 2.318 Loaded shared library C:\Users\USER\AppData\Roaming\Code\User\globalStorage\redhat.java\1.26.0\config_ss_win\org.eclipse.equinox.launcher\org.eclipse.equinox.launcher.win32.win32.x86_64_1.2.800.v20231003-1442\eclipse_11802.dll
Event: 5.917 Loaded shared library C:\Users\USER\AppData\Local\Temp\jna-2614219\jna11020320006551831148.dll

Deoptimization events (20 events):
Event: 9.251 Thread 0x0000011db08c3980 Uncommon trap: trap_request=0xffffffbe fr.pc=0x0000011da0b1b6d8 relative=0x00000000000006f8
Event: 9.251 Thread 0x0000011db08c3980 Uncommon trap: reason=profile_predicate action=maybe_recompile pc=0x0000011da0b1b6d8 method=java.util.TreeMap.getEntryUsingComparator(Ljava/lang/Object;)Ljava/util/TreeMap$Entry; @ 19 c2
Event: 9.251 Thread 0x0000011db08c3980 DEOPT PACKING pc=0x0000011da0b1b6d8 sp=0x00000013c96fe640
Event: 9.251 Thread 0x0000011db08c3980 DEOPT UNPACKING pc=0x0000011da03c66a3 sp=0x00000013c96fe5f0 mode 2
Event: 9.251 Thread 0x0000011db08c3980 Uncommon trap: trap_request=0xffffffbe fr.pc=0x0000011da0b1fcdc relative=0x00000000000006fc
Event: 9.251 Thread 0x0000011db08c3980 Uncommon trap: reason=profile_predicate action=maybe_recompile pc=0x0000011da0b1fcdc method=java.util.TreeMap.getEntryUsingComparator(Ljava/lang/Object;)Ljava/util/TreeMap$Entry; @ 19 c2
Event: 9.251 Thread 0x0000011db08c3980 DEOPT PACKING pc=0x0000011da0b1fcdc sp=0x00000013c96fe6e0
Event: 9.251 Thread 0x0000011db08c3980 DEOPT UNPACKING pc=0x0000011da03c66a3 sp=0x00000013c96fe600 mode 2
Event: 9.252 Thread 0x0000011db08c3980 Uncommon trap: trap_request=0xffffffbe fr.pc=0x0000011da0b1fcdc relative=0x00000000000006fc
Event: 9.252 Thread 0x0000011db08c3980 Uncommon trap: reason=profile_predicate action=maybe_recompile pc=0x0000011da0b1fcdc method=java.util.TreeMap.getEntryUsingComparator(Ljava/lang/Object;)Ljava/util/TreeMap$Entry; @ 19 c2
Event: 9.252 Thread 0x0000011db08c3980 DEOPT PACKING pc=0x0000011da0b1fcdc sp=0x00000013c96fe6e0
Event: 9.252 Thread 0x0000011db08c3980 DEOPT UNPACKING pc=0x0000011da03c66a3 sp=0x00000013c96fe600 mode 2
Event: 9.252 Thread 0x0000011db08c3980 Uncommon trap: trap_request=0xffffffbe fr.pc=0x0000011da0b1fcdc relative=0x00000000000006fc
Event: 9.252 Thread 0x0000011db08c3980 Uncommon trap: reason=profile_predicate action=maybe_recompile pc=0x0000011da0b1fcdc method=java.util.TreeMap.getEntryUsingComparator(Ljava/lang/Object;)Ljava/util/TreeMap$Entry; @ 19 c2
Event: 9.252 Thread 0x0000011db08c3980 DEOPT PACKING pc=0x0000011da0b1fcdc sp=0x00000013c96fe6e0
Event: 9.252 Thread 0x0000011db08c3980 DEOPT UNPACKING pc=0x0000011da03c66a3 sp=0x00000013c96fe600 mode 2
Event: 9.252 Thread 0x0000011db08c3980 Uncommon trap: trap_request=0xffffffbe fr.pc=0x0000011da0b1b6d8 relative=0x00000000000006f8
Event: 9.252 Thread 0x0000011db08c3980 Uncommon trap: reason=profile_predicate action=maybe_recompile pc=0x0000011da0b1b6d8 method=java.util.TreeMap.getEntryUsingComparator(Ljava/lang/Object;)Ljava/util/TreeMap$Entry; @ 19 c2
Event: 9.252 Thread 0x0000011db08c3980 DEOPT PACKING pc=0x0000011da0b1b6d8 sp=0x00000013c96fe640
Event: 9.252 Thread 0x0000011db08c3980 DEOPT UNPACKING pc=0x0000011da03c66a3 sp=0x00000013c96fe5f0 mode 2

Classes unloaded (7 events):
Event: 3.506 Thread 0x0000011daf350230 Unloading class 0x000000010021a400 'java/lang/invoke/LambdaForm$MH+0x000000010021a400'
Event: 3.506 Thread 0x0000011daf350230 Unloading class 0x000000010021a000 'java/lang/invoke/LambdaForm$MH+0x000000010021a000'
Event: 3.506 Thread 0x0000011daf350230 Unloading class 0x0000000100219c00 'java/lang/invoke/LambdaForm$MH+0x0000000100219c00'
Event: 3.506 Thread 0x0000011daf350230 Unloading class 0x0000000100219800 'java/lang/invoke/LambdaForm$MH+0x0000000100219800'
Event: 3.506 Thread 0x0000011daf350230 Unloading class 0x0000000100219400 'java/lang/invoke/LambdaForm$BMH+0x0000000100219400'
Event: 3.506 Thread 0x0000011daf350230 Unloading class 0x0000000100219000 'java/lang/invoke/LambdaForm$DMH+0x0000000100219000'
Event: 3.506 Thread 0x0000011daf350230 Unloading class 0x0000000100214400 'java/lang/invoke/LambdaForm$DMH+0x0000000100214400'

Classes redefined (0 events):
No events

Internal exceptions (20 events):
Event: 6.070 Thread 0x0000011d961a1a00 Exception <a 'java/lang/NoSuchMethodError'{0x00000000eb295528}: 'void java.lang.invoke.DirectMethodHandle$Holder.invokeStatic(java.lang.Object, java.lang.Object, java.lang.Object, java.lang.Object)'> (0x00000000eb295528) 
thrown [s\src\hotspot\share\interpreter\linkResolver.cpp, line 759]
Event: 6.269 Thread 0x0000011d961a1a00 Exception <a 'java/lang/NoSuchMethodError'{0x00000000ebab3cf0}: 'void java.lang.invoke.DirectMethodHandle$Holder.invokeSpecial(java.lang.Object, java.lang.Object, java.lang.Object, java.lang.Object, java.lang.Object, java.lang.Object)'> (0x00000000ebab3cf0) 
thrown [s\src\hotspot\share\interpreter\linkResolver.cpp, line 759]
Event: 6.270 Thread 0x0000011d961a1a00 Exception <a 'java/lang/IncompatibleClassChangeError'{0x00000000ebabd710}: Found class java.lang.Object, but interface was expected> (0x00000000ebabd710) 
thrown [s\src\hotspot\share\interpreter\linkResolver.cpp, line 826]
Event: 6.464 Thread 0x0000011db08be880 Exception <a 'java/io/FileNotFoundException'{0x00000000ec0df668}> (0x00000000ec0df668) 
thrown [s\src\hotspot\share\prims\jni.cpp, line 516]
Event: 6.515 Thread 0x0000011db08be880 Exception <a 'sun/nio/fs/WindowsException'{0x00000000eab10c88}> (0x00000000eab10c88) 
thrown [s\src\hotspot\share\prims\jni.cpp, line 516]
Event: 6.519 Thread 0x0000011db0f89620 Exception <a 'java/io/FileNotFoundException'{0x00000000eab363b0}> (0x00000000eab363b0) 
thrown [s\src\hotspot\share\prims\jni.cpp, line 516]
Event: 6.519 Thread 0x0000011db0f89620 Exception <a 'java/io/FileNotFoundException'{0x00000000eab373b0}> (0x00000000eab373b0) 
thrown [s\src\hotspot\share\prims\jni.cpp, line 516]
Event: 6.636 Thread 0x0000011db08be880 Exception <a 'java/lang/NoSuchMethodError'{0x00000000eae70fa8}: 'int java.lang.invoke.DirectMethodHandle$Holder.invokeVirtual(java.lang.Object, java.lang.Object)'> (0x00000000eae70fa8) 
thrown [s\src\hotspot\share\interpreter\linkResolver.cpp, line 759]
Event: 6.651 Thread 0x0000011db0f86380 Exception <a 'java/lang/NoSuchMethodError'{0x00000000eaf1b478}: 'java.lang.Object java.lang.invoke.Invokers$Holder.invoke_MT(java.lang.Object, java.lang.Object, java.lang.Object)'> (0x00000000eaf1b478) 
thrown [s\src\hotspot\share\interpreter\linkResolver.cpp, line 759]
Event: 6.950 Thread 0x0000011db0f86380 Exception <a 'java/io/FileNotFoundException'{0x00000000eae2c4a0}> (0x00000000eae2c4a0) 
thrown [s\src\hotspot\share\prims\jni.cpp, line 516]
Event: 6.950 Thread 0x0000011db0f86380 Exception <a 'java/io/FileNotFoundException'{0x00000000eae2d998}> (0x00000000eae2d998) 
thrown [s\src\hotspot\share\prims\jni.cpp, line 516]
Event: 6.952 Thread 0x0000011db0f86380 Exception <a 'java/lang/NoSuchMethodError'{0x00000000eae3eb90}: 'void java.lang.invoke.DirectMethodHandle$Holder.invokeStaticInit(java.lang.Object, java.lang.Object, java.lang.Object)'> (0x00000000eae3eb90) 
thrown [s\src\hotspot\share\interpreter\linkResolver.cpp, line 759]
Event: 7.499 Thread 0x0000011db08be880 Exception <a 'java/lang/NoSuchMethodError'{0x00000000eb3170e0}: 'java.lang.Object java.lang.invoke.DirectMethodHandle$Holder.invokeInterface(java.lang.Object, java.lang.Object, java.lang.Object)'> (0x00000000eb3170e0) 
thrown [s\src\hotspot\share\interpreter\linkResolver.cpp, line 759]
Event: 7.499 Thread 0x0000011db08c3980 Exception <a 'java/lang/NoSuchMethodError'{0x00000000eb2f65a8}: 'java.lang.Object java.lang.invoke.DirectMethodHandle$Holder.invokeInterface(java.lang.Object, java.lang.Object, java.lang.Object)'> (0x00000000eb2f65a8) 
thrown [s\src\hotspot\share\interpreter\linkResolver.cpp, line 759]
Event: 7.500 Thread 0x0000011db08c2030 Exception <a 'java/lang/NoSuchMethodError'{0x00000000eb299f28}: 'java.lang.Object java.lang.invoke.DirectMethodHandle$Holder.invokeInterface(java.lang.Object, java.lang.Object, java.lang.Object)'> (0x00000000eb299f28) 
thrown [s\src\hotspot\share\interpreter\linkResolver.cpp, line 759]
Event: 7.522 Thread 0x0000011db08be880 Exception <a 'java/io/FileNotFoundException'{0x00000000eb45f1c0}> (0x00000000eb45f1c0) 
thrown [s\src\hotspot\share\prims\jni.cpp, line 516]
Event: 7.595 Thread 0x0000011db08be880 Exception <a 'java/io/FileNotFoundException'{0x00000000eb5a16a0}> (0x00000000eb5a16a0) 
thrown [s\src\hotspot\share\prims\jni.cpp, line 516]
Event: 7.747 Thread 0x0000011db08be880 Exception <a 'java/lang/NoSuchMethodError'{0x00000000ebeb4fb0}: 'int java.lang.invoke.DirectMethodHandle$Holder.invokeVirtual(java.lang.Object, java.lang.Object, java.lang.Object)'> (0x00000000ebeb4fb0) 
thrown [s\src\hotspot\share\interpreter\linkResolver.cpp, line 759]
Event: 8.821 Thread 0x0000011db08be880 Implicit null exception at 0x0000011da0a6194f to 0x0000011da0a62650
Event: 9.243 Thread 0x0000011db08be880 Exception <a 'java/lang/ClassNotFoundException'{0x00000000eb32d328}: sun/util/logging/resources/spi/loggingProvider> (0x00000000eb32d328) 
thrown [s\src\hotspot\share\classfile\systemDictionary.cpp, line 256]

VM Operations (20 events):
Event: 7.372 Executing VM operation: ParallelGCFailedAllocation
Event: 7.376 Executing VM operation: ParallelGCFailedAllocation done
Event: 7.517 Executing VM operation: HandshakeAllThreads
Event: 7.517 Executing VM operation: HandshakeAllThreads done
Event: 7.519 Executing VM operation: HandshakeAllThreads
Event: 7.519 Executing VM operation: HandshakeAllThreads done
Event: 7.756 Executing VM operation: HandshakeAllThreads
Event: 7.756 Executing VM operation: HandshakeAllThreads done
Event: 7.784 Executing VM operation: ParallelGCFailedAllocation
Event: 7.789 Executing VM operation: ParallelGCFailedAllocation done
Event: 7.791 Executing VM operation: HandshakeAllThreads
Event: 7.791 Executing VM operation: HandshakeAllThreads done
Event: 8.174 Executing VM operation: HandshakeAllThreads
Event: 8.174 Executing VM operation: HandshakeAllThreads done
Event: 8.411 Executing VM operation: ParallelGCFailedAllocation
Event: 8.413 Executing VM operation: ParallelGCFailedAllocation done
Event: 8.892 Executing VM operation: ParallelGCFailedAllocation
Event: 8.894 Executing VM operation: ParallelGCFailedAllocation done
Event: 8.973 Executing VM operation: HandshakeAllThreads
Event: 8.973 Executing VM operation: HandshakeAllThreads done

Events (20 events):
Event: 9.241 loading class java/lang/StackStreamFactory$FrameBuffer done
Event: 9.241 loading class java/lang/StackStreamFactory$StackFrameTraverser$StackFrameBuffer done
Event: 9.243 loading class java/util/logging/Level$RbAccess
Event: 9.243 loading class java/util/logging/Level$RbAccess done
Event: 9.243 loading class sun/util/logging/resources/logging
Event: 9.243 loading class sun/util/logging/resources/logging done
Event: 9.243 loading class sun/util/logging/resources/logging_fr
Event: 9.244 loading class sun/util/logging/resources/logging_fr done
Event: 9.244 loading class sun/util/logging/resources/logging_fr_FR
Event: 9.244 loading class sun/util/logging/resources/logging_fr_FR done
Event: 9.244 loading class sun/util/logging/resources/logging_fr_FR
Event: 9.244 loading class sun/util/logging/resources/logging_fr_FR done
Event: 9.244 loading class java/util/Formatter$DateTime
Event: 9.244 loading class java/util/Formatter$DateTime done
Event: 9.245 loading class java/time/ZonedDateTime$1
Event: 9.245 loading class java/time/ZonedDateTime$1 done
Event: 9.245 loading class java/time/LocalDate$1
Event: 9.245 loading class java/time/LocalDate$1 done
Event: 9.245 loading class java/time/LocalTime$1
Event: 9.245 loading class java/time/LocalTime$1 done


Dynamic libraries:
0x00007ff61fc20000 - 0x00007ff61fc2e000 	c:\Users\USER\.vscode\extensions\redhat.java-1.26.0-win32-x64\jre\17.0.9-win32-x86_64\bin\java.exe
0x00007ff87d8d0000 - 0x00007ff87dac8000 	C:\Windows\SYSTEM32\ntdll.dll
0x00007ff87c030000 - 0x00007ff87c0ed000 	C:\Windows\System32\KERNEL32.DLL
0x00007ff87b200000 - 0x00007ff87b4f6000 	C:\Windows\System32\KERNELBASE.dll
0x00007ff87b570000 - 0x00007ff87b670000 	C:\Windows\System32\ucrtbase.dll
0x00007ff872d90000 - 0x00007ff872dab000 	c:\Users\USER\.vscode\extensions\redhat.java-1.26.0-win32-x64\jre\17.0.9-win32-x86_64\bin\VCRUNTIME140.dll
0x00007ff875170000 - 0x00007ff875187000 	c:\Users\USER\.vscode\extensions\redhat.java-1.26.0-win32-x64\jre\17.0.9-win32-x86_64\bin\jli.dll
0x00007ff87c8a0000 - 0x00007ff87ca3e000 	C:\Windows\System32\USER32.dll
0x00007ff8636e0000 - 0x00007ff86397a000 	C:\Windows\WinSxS\amd64_microsoft.windows.common-controls_6595b64144ccf1df_6.0.19041.3636_none_60b6a03d71f818d5\COMCTL32.dll
0x00007ff87b8f0000 - 0x00007ff87b912000 	C:\Windows\System32\win32u.dll
0x00007ff87c000000 - 0x00007ff87c02c000 	C:\Windows\System32\GDI32.dll
0x00007ff87bba0000 - 0x00007ff87bc3e000 	C:\Windows\System32\msvcrt.dll
0x00007ff87b7d0000 - 0x00007ff87b8ea000 	C:\Windows\System32\gdi32full.dll
0x00007ff87b130000 - 0x00007ff87b1cd000 	C:\Windows\System32\msvcp_win.dll
0x00007ff87cb10000 - 0x00007ff87cb40000 	C:\Windows\System32\IMM32.DLL
0x00007ff8765b0000 - 0x00007ff8765bc000 	c:\Users\USER\.vscode\extensions\redhat.java-1.26.0-win32-x64\jre\17.0.9-win32-x86_64\bin\vcruntime140_1.dll
0x00007ff837460000 - 0x00007ff8374ed000 	c:\Users\USER\.vscode\extensions\redhat.java-1.26.0-win32-x64\jre\17.0.9-win32-x86_64\bin\msvcp140.dll
0x00007ff818de0000 - 0x00007ff819a41000 	c:\Users\USER\.vscode\extensions\redhat.java-1.26.0-win32-x64\jre\17.0.9-win32-x86_64\bin\server\jvm.dll
0x00007ff87be20000 - 0x00007ff87bed3000 	C:\Windows\System32\ADVAPI32.dll
0x00007ff87d230000 - 0x00007ff87d2cf000 	C:\Windows\System32\sechost.dll
0x00007ff87bc40000 - 0x00007ff87bd66000 	C:\Windows\System32\RPCRT4.dll
0x00007ff87b1d0000 - 0x00007ff87b1f7000 	C:\Windows\System32\bcrypt.dll
0x00007ff87a4a0000 - 0x00007ff87a4eb000 	C:\Windows\SYSTEM32\POWRPROF.dll
0x00007ff863a20000 - 0x00007ff863a29000 	C:\Windows\SYSTEM32\WSOCK32.dll
0x00007ff87cc50000 - 0x00007ff87ccbb000 	C:\Windows\System32\WS2_32.dll
0x00007ff861c10000 - 0x00007ff861c37000 	C:\Windows\SYSTEM32\WINMM.dll
0x00007ff874a30000 - 0x00007ff874a3a000 	C:\Windows\SYSTEM32\VERSION.dll
0x00007ff87a370000 - 0x00007ff87a382000 	C:\Windows\SYSTEM32\UMPDC.dll
0x00007ff8797d0000 - 0x00007ff8797e2000 	C:\Windows\SYSTEM32\kernel.appcore.dll
0x00007ff872bf0000 - 0x00007ff872bfa000 	c:\Users\USER\.vscode\extensions\redhat.java-1.26.0-win32-x64\jre\17.0.9-win32-x86_64\bin\jimage.dll
0x00007ff878d10000 - 0x00007ff878ef4000 	C:\Windows\SYSTEM32\DBGHELP.DLL
0x00007ff83f900000 - 0x00007ff83f934000 	C:\Windows\SYSTEM32\dbgcore.DLL
0x00007ff87afa0000 - 0x00007ff87b022000 	C:\Windows\System32\bcryptPrimitives.dll
0x00007ff872b80000 - 0x00007ff872b8e000 	c:\Users\USER\.vscode\extensions\redhat.java-1.26.0-win32-x64\jre\17.0.9-win32-x86_64\bin\instrument.dll
0x00007ff870480000 - 0x00007ff8704a5000 	c:\Users\USER\.vscode\extensions\redhat.java-1.26.0-win32-x64\jre\17.0.9-win32-x86_64\bin\java.dll
0x00007ff872950000 - 0x00007ff872968000 	c:\Users\USER\.vscode\extensions\redhat.java-1.26.0-win32-x64\jre\17.0.9-win32-x86_64\bin\zip.dll
0x00007ff87c150000 - 0x00007ff87c895000 	C:\Windows\System32\SHELL32.dll
0x00007ff878ff0000 - 0x00007ff87978b000 	C:\Windows\SYSTEM32\windows.storage.dll
0x00007ff87ce50000 - 0x00007ff87d1a4000 	C:\Windows\System32\combase.dll
0x00007ff87a8f0000 - 0x00007ff87a91d000 	C:\Windows\SYSTEM32\Wldp.dll
0x00007ff87ca60000 - 0x00007ff87cb0d000 	C:\Windows\System32\SHCORE.dll
0x00007ff87c0f0000 - 0x00007ff87c145000 	C:\Windows\System32\shlwapi.dll
0x00007ff87aed0000 - 0x00007ff87aef5000 	C:\Windows\SYSTEM32\profapi.dll
0x00007ff8703e0000 - 0x00007ff8703f9000 	C:\Users\USER\.vscode\extensions\redhat.java-1.26.0-win32-x64\jre\17.0.9-win32-x86_64\bin\net.dll
0x00007ff873430000 - 0x00007ff87353a000 	C:\Windows\SYSTEM32\WINHTTP.dll
0x00007ff87a6d0000 - 0x00007ff87a73a000 	C:\Windows\system32\mswsock.dll
0x00007ff83e2e0000 - 0x00007ff83e2f6000 	C:\Users\USER\.vscode\extensions\redhat.java-1.26.0-win32-x64\jre\17.0.9-win32-x86_64\bin\nio.dll
0x00007ff872b40000 - 0x00007ff872b50000 	c:\Users\USER\.vscode\extensions\redhat.java-1.26.0-win32-x64\jre\17.0.9-win32-x86_64\bin\verify.dll
0x00007ff83c600000 - 0x00007ff83c63e000 	C:\Users\USER\AppData\Roaming\Code\User\globalStorage\redhat.java\1.26.0\config_ss_win\org.eclipse.equinox.launcher\org.eclipse.equinox.launcher.win32.win32.x86_64_1.2.800.v20231003-1442\eclipse_11802.dll
0x00007ff87cd20000 - 0x00007ff87ce4b000 	C:\Windows\System32\ole32.dll
0x00007ff87ac90000 - 0x00007ff87aca8000 	C:\Windows\SYSTEM32\CRYPTSP.dll
0x00007ff879fb0000 - 0x00007ff879fe4000 	C:\Windows\system32\rsaenh.dll
0x00007ff87ae90000 - 0x00007ff87aebe000 	C:\Windows\SYSTEM32\USERENV.dll
0x00007ff87a860000 - 0x00007ff87a86c000 	C:\Windows\SYSTEM32\CRYPTBASE.dll
0x00007ff87a390000 - 0x00007ff87a3cb000 	C:\Windows\SYSTEM32\IPHLPAPI.DLL
0x00007ff87d1b0000 - 0x00007ff87d1b8000 	C:\Windows\System32\NSI.dll
0x00007ff874630000 - 0x00007ff874647000 	C:\Windows\SYSTEM32\dhcpcsvc6.DLL
0x00007ff8743e0000 - 0x00007ff8743fd000 	C:\Windows\SYSTEM32\dhcpcsvc.DLL
0x00007ff87a3d0000 - 0x00007ff87a49a000 	C:\Windows\SYSTEM32\DNSAPI.dll
0x00007ff83c520000 - 0x00007ff83c565000 	C:\Users\USER\AppData\Local\Temp\jna-2614219\jna11020320006551831148.dll
0x00007ff87d880000 - 0x00007ff87d888000 	C:\Windows\System32\PSAPI.DLL

dbghelp: loaded successfully - version: 4.0.5 - missing functions: none
symbol engine: initialized successfully - sym options: 0x614 - pdb path: .;c:\Users\USER\.vscode\extensions\redhat.java-1.26.0-win32-x64\jre\17.0.9-win32-x86_64\bin;C:\Windows\SYSTEM32;C:\Windows\WinSxS\amd64_microsoft.windows.common-controls_6595b64144ccf1df_6.0.19041.3636_none_60b6a03d71f818d5;c:\Users\USER\.vscode\extensions\redhat.java-1.26.0-win32-x64\jre\17.0.9-win32-x86_64\bin\server;C:\Users\USER\AppData\Roaming\Code\User\globalStorage\redhat.java\1.26.0\config_ss_win\org.eclipse.equinox.launcher\org.eclipse.equinox.launcher.win32.win32.x86_64_1.2.800.v20231003-1442;C:\Users\USER\AppData\Local\Temp\jna-2614219

VM Arguments:
jvm_args: --add-modules=ALL-SYSTEM --add-opens=java.base/java.util=ALL-UNNAMED --add-opens=java.base/java.lang=ALL-UNNAMED --add-opens=java.base/sun.nio.fs=ALL-UNNAMED -Declipse.application=org.eclipse.jdt.ls.core.id1 -Dosgi.bundles.defaultStartLevel=4 -Declipse.product=org.eclipse.jdt.ls.core.product -Djava.import.generatesMetadataFilesAtProjectRoot=false -DDetectVMInstallationsJob.disabled=true -Dfile.encoding=utf8 -XX:+UseParallelGC -XX:GCTimeRatio=4 -XX:AdaptiveSizePolicyWeight=90 -Dsun.zip.disableMemoryMapping=true -Xmx1G -Xms100m -Xlog:disable -javaagent:c:\Users\USER\.vscode\extensions\redhat.java-1.26.0-win32-x64\lombok\lombok-1.18.31-3454.jar 
java_command: c:\Users\USER\.vscode\extensions\redhat.java-1.26.0-win32-x64\server\plugins\org.eclipse.equinox.launcher_1.6.700.v20231214-2017.jar -configuration c:\Users\USER\AppData\Roaming\Code\User\globalStorage\redhat.java\1.26.0\config_ss_win -data c:\Users\USER\AppData\Roaming\Code\User\workspaceStorage\4344a5d1f8b4a11d63520348176aea8a\redhat.java\ss_ws --stdio
java_class_path (initial): c:\Users\USER\.vscode\extensions\redhat.java-1.26.0-win32-x64\server\plugins\org.eclipse.equinox.launcher_1.6.700.v20231214-2017.jar
Launcher Type: SUN_STANDARD

[Global flags]
    uintx AdaptiveSizePolicyWeight                 = 90                                        {product} {command line}
     intx CICompilerCount                          = 4                                         {product} {ergonomic}
    uintx GCTimeRatio                              = 4                                         {product} {command line}
   size_t InitialHeapSize                          = 104857600                                 {product} {command line}
   size_t MaxHeapSize                              = 1073741824                                {product} {command line}
   size_t MaxNewSize                               = 357564416                                 {product} {ergonomic}
   size_t MinHeapDeltaBytes                        = 524288                                    {product} {ergonomic}
   size_t MinHeapSize                              = 104857600                                 {product} {command line}
   size_t NewSize                                  = 34603008                                  {product} {ergonomic}
    uintx NonNMethodCodeHeapSize                   = 5839372                                {pd product} {ergonomic}
    uintx NonProfiledCodeHeapSize                  = 122909434                              {pd product} {ergonomic}
   size_t OldSize                                  = 70254592                                  {product} {ergonomic}
    uintx ProfiledCodeHeapSize                     = 122909434                              {pd product} {ergonomic}
    uintx ReservedCodeCacheSize                    = 251658240                              {pd product} {ergonomic}
     bool SegmentedCodeCache                       = true                                      {product} {ergonomic}
   size_t SoftMaxHeapSize                          = 1073741824                             {manageable} {ergonomic}
     bool UseCompressedClassPointers               = true                           {product lp64_product} {ergonomic}
     bool UseCompressedOops                        = true                           {product lp64_product} {ergonomic}
     bool UseLargePagesIndividualAllocation        = false                                  {pd product} {ergonomic}
     bool UseParallelGC                            = true                                      {product} {command line}

Logging:
Log output configuration:
 #0: stdout all=off uptime,level,tags
 #1: stderr all=off uptime,level,tags

Environment Variables:
JAVA_HOME=C:\Program Files\Java\jdk-17.0.5
CLASSPATH=C:\Java\jdk1.8.0_271\lib\*.jar
PATH=C:\Program Files\Java\jdk-17.0.5;C:\apache-maven-3.9.3\bin;C:\Windows\system32;C:\Windows;C:\Windows\System32\Wbem;C:\Windows\System32\WindowsPowerShell\v1.0\;C:\Windows\System32\OpenSSH\;C:\Program Files (x86)\NVIDIA Corporation\PhysX\Common;C:\Program Files\MongoDB\Server\3.4\bin;C:\Windows\System32\cmd.exe;C:\Users\USER\AppData\Roaming\Microsoft\Windows\Start Menu\Programs\Python 3.9;C:\xampp\php;C:\Program Files\dotnet\;C:\Program Files\Microsoft SQL Server\130\Tools\Binn\;C:\Program Files\Microsoft SQL Server\Client SDK\ODBC\170\Tools\Binn\;C:\Program Files (x86)\Microsoft SQL Server\150\DTS\Binn\;C:\Program Files (x86)\Microsoft SQL Server\150\Tools\Binn\;C:\Program Files\Microsoft SQL Server\150\Tools\Binn\;C:\Program Files\Microsoft SQL Server\150\DTS\Binn\;C:\Program Files (x86)\nodejs\;C:\Users\USER\AppData\Local\Pub\Cache\bin;F:\Git\cmd;C:\Program Files\VisualSVN Server\bin;C:\Apache-Subversion\bin;C:\Program Files\TortoiseSVN\bin;C:\ProgramData\ComposerSetup\bin;F:\3ingeneur\SOA\tools\apache-ant-1.10.14\bin;F:\3ingeneur\Spring\apache-maven-3.9.5-bin\apache-maven-3.9.5\bin;C:\Users\USER\AppData\Local\Programs\Python\Python312;C:\Users\USER\AppData\Local\Programs\Python\Python312\Scripts;C:\Users\USER\AppData\Local\Programs\Python\Launcher\;C:\Program Files\Java\jdk-17.0.5\bin;C:\Users\USER\scoop\shims;C:\Users\USER\AppData\Local\Microsoft\WindowsApps;C:\Users\USER\AppData\Local\Programs\Microsoft VS Code\bin;C:\Program Files\MongoDB\Server\3.4\bin;C:\Users\USER\AppData\Roaming\Microsoft\Windows\Start Menu\Programs\Anaconda3 (64-bit);C:\src\flutter\bin;F:\Flutter_SDK\bin;C:\Users\USER\.dotnet\tools;C:\Program Files\Azure Data Studio\bin;C:\Users\USER\AppData\Roaming\npm;C:\Users\USER\AppData\Roaming\Composer\vendor\bin;F:\3ingeneur\Spring\apache-maven-3.9.5-bin\apache-maven-3.9.5\bin;
USERNAME=USER
OS=Windows_NT
PROCESSOR_IDENTIFIER=Intel64 Family 6 Model 142 Stepping 10, GenuineIntel
TMP=C:\Users\USER\AppData\Local\Temp
TEMP=C:\Users\USER\AppData\Local\Temp



Periodic native trim disabled


---------------  S Y S T E M  ---------------

OS:
 Windows 10 , 64 bit Build 19041 (10.0.19041.3636)
OS uptime: 0 days 3:59 hours
Hyper-V role detected

CPU: total 8 (initial active 8) (4 cores per cpu, 2 threads per core) family 6 model 142 stepping 10 microcode 0xb4, cx8, cmov, fxsr, ht, mmx, 3dnowpref, sse, sse2, sse3, ssse3, sse4.1, sse4.2, popcnt, lzcnt, tsc, tscinvbit, avx, avx2, aes, erms, clmul, bmi1, bmi2, adx, fma, vzeroupper, clflush, clflushopt, hv
Processor Information for all 8 processors :
  Max Mhz: 1800, Current Mhz: 1600, Mhz Limit: 1584

Memory: 4k page, system-wide physical 8070M (245M free)
TotalPageFile size 10118M (AvailPageFile size 4M)
current process WorkingSet (physical memory assigned to process): 178M, peak: 183M
current process commit charge ("private bytes"): 264M, peak: 269M

vm_info: OpenJDK 64-Bit Server VM (17.0.9+9) for windows-amd64 JRE (17.0.9+9), built on Oct 26 2023 14:01:42 by "admin" with MS VC++ 16.10 / 16.11 (VS2019)

END.
