#
# There is insufficient memory for the Java Runtime Environment to continue.
# Native memory allocation (mmap) failed to map 42991616 bytes for G1 virtual space
# Possible reasons:
#   The system is out of physical RAM or swap space
#   The process is running with CompressedOops enabled, and the Java Heap may be blocking the growth of the native heap
# Possible solutions:
#   Reduce memory load on the system
#   Increase physical memory or swap space
#   Check if swap backing store is full
#   Decrease Java heap size (-Xmx/-Xms)
#   Decrease number of Java threads
#   Decrease Java thread stack sizes (-Xss)
#   Set larger code cache with -XX:ReservedCodeCacheSize=
#   JVM is running with Unscaled Compressed Oops mode in which the Java heap is
#     placed in the first 4GB address space. The Java Heap base address is the
#     maximum limit for the native heap growth. Please use -XX:HeapBaseMinAddress
#     to set the Java Heap base and to place the Java Heap above 4GB virtual address.
# This output file may be truncated or incomplete.
#
#  Out of Memory Error (os_windows.cpp:3557), pid=12376, tid=600
#
# JRE version: OpenJDK Runtime Environment Temurin-17.0.6+10 (17.0.6+10) (build 17.0.6+10)
# Java VM: OpenJDK 64-Bit Server VM Temurin-17.0.6+10 (17.0.6+10, mixed mode, emulated-client, tiered, compressed oops, compressed class ptrs, g1 gc, windows-amd64)
# No core dump will be written. Minidumps are not enabled by default on client versions of Windows
#

---------------  S U M M A R Y ------------

Command Line: -Dcom.sun.management.jmxremote -Dcom.sun.management.jmxremote.port=50930 -Dcom.sun.management.jmxremote.authenticate=false -Dcom.sun.management.jmxremote.ssl=false -Djava.rmi.server.hostname=localhost -Dspring.jmx.enabled=true -Dmanagement.endpoints.jmx.exposure.include=* -Dspring.application.admin.enabled=true -XX:TieredStopAtLevel=1 -Dspring.boot.project.name=microservice02 -Dfile.encoding=UTF-8 -XX:+ShowCodeDetailsInExceptionMessages tn.iit.microservice02.Microservice02Application --spring.output.ansi.enabled=always

Host: Intel(R) Core(TM) i5-8250U CPU @ 1.60GHz, 8 cores, 7G,  Windows 10 , 64 bit Build 19041 (10.0.19041.3636)
Time: Fri Jan 12 20:08:28 2024 Afr. centrale Ouest elapsed time: 3.879032 seconds (0d 0h 0m 3s)

---------------  T H R E A D  ---------------

Current thread (0x000002561c056900):  VMThread "VM Thread" [stack: 0x0000008bebf00000,0x0000008bec000000] [id=600]

Stack: [0x0000008bebf00000,0x0000008bec000000]
Native frames: (J=compiled Java code, j=interpreted, Vv=VM code, C=native code)
V  [jvm.dll+0x67741a]
V  [jvm.dll+0x834434]
V  [jvm.dll+0x835bde]
V  [jvm.dll+0x836243]
V  [jvm.dll+0x2457b5]
V  [jvm.dll+0x674329]
V  [jvm.dll+0x6689da]
V  [jvm.dll+0x30489b]
V  [jvm.dll+0x30bd96]
V  [jvm.dll+0x35b57e]
V  [jvm.dll+0x35b7af]
V  [jvm.dll+0x2db778]
V  [jvm.dll+0x2d9a2c]
V  [jvm.dll+0x2d8ffc]
V  [jvm.dll+0x31cdcb]
V  [jvm.dll+0x83a6eb]
V  [jvm.dll+0x83b424]
V  [jvm.dll+0x83b93c]
V  [jvm.dll+0x83bd14]
V  [jvm.dll+0x83bde0]
V  [jvm.dll+0x7e483a]
V  [jvm.dll+0x6762c5]
C  [ucrtbase.dll+0x21bb2]
C  [KERNEL32.DLL+0x17344]
C  [ntdll.dll+0x526b1]

VM_Operation (0x0000008beb9fb9e0): G1CollectForAllocation, mode: safepoint, requested by thread 0x000002560e31ddb0


---------------  P R O C E S S  ---------------

Threads class SMR info:
_java_thread_list=0x000002561eb481d0, length=22, elements={
0x000002560e31ddb0, 0x000002561c05cce0, 0x000002561c060210, 0x000002561c0703d0,
0x000002561c073060, 0x000002561c074a90, 0x000002561cc57340, 0x000002561cc5c040,
0x000002561cc5c940, 0x000002561bff8300, 0x000002561cd93740, 0x000002561ce393e0,
0x000002561d559c00, 0x000002561d56cba0, 0x000002561d6e7600, 0x000002561e5cd450,
0x000002561e60af20, 0x000002561e698330, 0x000002561e6c98b0, 0x000002561d4f8830,
0x000002561e8e0f20, 0x000002561e8f8710
}

Java Threads: ( => current thread )
  0x000002560e31ddb0 JavaThread "main" [_thread_blocked, id=4796, stack(0x0000008beb900000,0x0000008beba00000)]
  0x000002561c05cce0 JavaThread "Reference Handler" daemon [_thread_blocked, id=9420, stack(0x0000008bec000000,0x0000008bec100000)]
  0x000002561c060210 JavaThread "Finalizer" daemon [_thread_blocked, id=14016, stack(0x0000008bec100000,0x0000008bec200000)]
  0x000002561c0703d0 JavaThread "Signal Dispatcher" daemon [_thread_blocked, id=13272, stack(0x0000008bec200000,0x0000008bec300000)]
  0x000002561c073060 JavaThread "Attach Listener" daemon [_thread_blocked, id=11924, stack(0x0000008bec300000,0x0000008bec400000)]
  0x000002561c074a90 JavaThread "Service Thread" daemon [_thread_blocked, id=14128, stack(0x0000008bec400000,0x0000008bec500000)]
  0x000002561cc57340 JavaThread "Monitor Deflation Thread" daemon [_thread_blocked, id=10344, stack(0x0000008bec500000,0x0000008bec600000)]
  0x000002561cc5c040 JavaThread "C1 CompilerThread0" daemon [_thread_blocked, id=9272, stack(0x0000008bec600000,0x0000008bec700000)]
  0x000002561cc5c940 JavaThread "Sweeper thread" daemon [_thread_blocked, id=1880, stack(0x0000008bec700000,0x0000008bec800000)]
  0x000002561bff8300 JavaThread "Common-Cleaner" daemon [_thread_blocked, id=13840, stack(0x0000008bec800000,0x0000008bec900000)]
  0x000002561cd93740 JavaThread "C1 CompilerThread1" daemon [_thread_blocked, id=6596, stack(0x0000008bec900000,0x0000008beca00000)]
  0x000002561ce393e0 JavaThread "Notification Thread" daemon [_thread_blocked, id=12044, stack(0x0000008becb00000,0x0000008becc00000)]
  0x000002561d559c00 JavaThread "RMI TCP Accept-0" daemon [_thread_in_native, id=6520, stack(0x0000008becc00000,0x0000008becd00000)]
  0x000002561d56cba0 JavaThread "RMI TCP Accept-50930" daemon [_thread_in_native, id=8984, stack(0x0000008becd00000,0x0000008bece00000)]
  0x000002561d6e7600 JavaThread "RMI TCP Accept-0" daemon [_thread_in_native, id=3288, stack(0x0000008bece00000,0x0000008becf00000)]
  0x000002561e5cd450 JavaThread "RMI TCP Connection(1)-127.0.0.1" daemon [_thread_in_native, id=10680, stack(0x0000008bed900000,0x0000008beda00000)]
  0x000002561e60af20 JavaThread "RMI Scheduler(0)" daemon [_thread_blocked, id=6636, stack(0x0000008beda00000,0x0000008bedb00000)]
  0x000002561e698330 JavaThread "RMI TCP Connection(2)-127.0.0.1" daemon [_thread_in_native, id=14212, stack(0x0000008bedb00000,0x0000008bedc00000)]
  0x000002561e6c98b0 JavaThread "JMX server connection timeout 22" daemon [_thread_blocked, id=11204, stack(0x0000008bedc00000,0x0000008bedd00000)]
  0x000002561d4f8830 JavaThread "spring.cloud.inetutils" daemon [_thread_in_native, id=5632, stack(0x0000008bedd00000,0x0000008bede00000)]
  0x000002561e8e0f20 JavaThread "C1 CompilerThread2" daemon [_thread_blocked, id=7808, stack(0x0000008bedf00000,0x0000008bee000000)]
  0x000002561e8f8710 JavaThread "C1 CompilerThread3" daemon [_thread_blocked, id=6412, stack(0x0000008bee000000,0x0000008bee100000)]

Other Threads:
=>0x000002561c056900 VMThread "VM Thread" [stack: 0x0000008bebf00000,0x0000008bec000000] [id=600]
  0x000002560e395eb0 WatcherThread [stack: 0x0000008becf00000,0x0000008bed000000] [id=11000]
  0x000002560e376770 GCTaskThread "GC Thread#0" [stack: 0x0000008beba00000,0x0000008bebb00000] [id=6344]
  0x000002561e5ae910 GCTaskThread "GC Thread#1" [stack: 0x0000008bed000000,0x0000008bed100000] [id=4496]
  0x000002561e59b0c0 GCTaskThread "GC Thread#2" [stack: 0x0000008bed100000,0x0000008bed200000] [id=4216]
  0x000002561e5eec40 GCTaskThread "GC Thread#3" [stack: 0x0000008bed200000,0x0000008bed300000] [id=7252]
  0x000002561e5eeef0 GCTaskThread "GC Thread#4" [stack: 0x0000008bed300000,0x0000008bed400000] [id=3336]
  0x000002561e5ef1a0 GCTaskThread "GC Thread#5" [stack: 0x0000008bed400000,0x0000008bed500000] [id=13588]
  0x000002561e5ef450 GCTaskThread "GC Thread#6" [stack: 0x0000008bed500000,0x0000008bed600000] [id=13348]
  0x000002561e5ef700 GCTaskThread "GC Thread#7" [stack: 0x0000008bed600000,0x0000008bed700000] [id=12984]
  0x000002560e3889b0 ConcurrentGCThread "G1 Main Marker" [stack: 0x0000008bebb00000,0x0000008bebc00000] [id=12820]
  0x000002560e38a2e0 ConcurrentGCThread "G1 Conc#0" [stack: 0x0000008bebc00000,0x0000008bebd00000] [id=13808]
  0x000002561e848d00 ConcurrentGCThread "G1 Conc#1" [stack: 0x0000008bede00000,0x0000008bedf00000] [id=10544]
  0x000002560e3ce020 ConcurrentGCThread "G1 Refine#0" [stack: 0x0000008bebd00000,0x0000008bebe00000] [id=5392]
  0x000002561e5d6360 ConcurrentGCThread "G1 Refine#1" [stack: 0x0000008bed700000,0x0000008bed800000] [id=11072]
  0x000002561e5d6640 ConcurrentGCThread "G1 Refine#2" [stack: 0x0000008bed800000,0x0000008bed900000] [id=11184]
  0x000002560e3ce950 ConcurrentGCThread "G1 Service" [stack: 0x0000008bebe00000,0x0000008bebf00000] [id=7396]

Threads with active compile tasks:

VM state: at safepoint (normal execution)

VM Mutex/Monitor currently owned by a thread:  ([mutex/lock_event])
[0x000002560e317490] Threads_lock - owner thread: 0x000002561c056900
[0x000002560e318690] Heap_lock - owner thread: 0x000002560e31ddb0

Heap address: 0x0000000081e00000, size: 2018 MB, Compressed Oops mode: 32-bit

CDS archive(s) not mapped
Compressed class space mapped at: 0x0000000100000000-0x0000000140000000, reserved size: 1073741824
Narrow klass base: 0x0000000000000000, Narrow klass shift: 3, Narrow klass range: 0x140000000

GC Precious Log:
 CPUs: 8 total, 8 available
 Memory: 8070M
 Large Page Support: Disabled
 NUMA Support: Disabled
 Compressed Oops: Enabled (32-bit)
 Heap Region Size: 1M
 Heap Min Capacity: 8M
 Heap Initial Capacity: 128M
 Heap Max Capacity: 2018M
 Pre-touch: Disabled
 Parallel Workers: 8
 Concurrent Workers: 2
 Concurrent Refinement Workers: 8
 Periodic GC: Disabled

Heap:
 garbage-first heap   total 45056K, used 15136K [0x0000000081e00000, 0x0000000100000000)
  region size 1024K, 2 young (2048K), 2 survivors (2048K)
 Metaspace       used 30199K, committed 30592K, reserved 1081344K
  class space    used 3661K, committed 3840K, reserved 1048576K

Heap Regions: E=young(eden), S=young(survivor), O=old, HS=humongous(starts), HC=humongous(continues), CS=collection set, F=free, OA=open archive, CA=closed archive, TAMS=top-at-mark-start (previous, next)
|   0|0x0000000081e00000, 0x0000000081f00000, 0x0000000081f00000|100%|HS|  |TAMS 0x0000000081f00000, 0x0000000081e00000| Complete 
|   1|0x0000000081f00000, 0x0000000082000000, 0x0000000082000000|100%| O|  |TAMS 0x0000000082000000, 0x0000000081f00000| Untracked 
|   2|0x0000000082000000, 0x0000000082100000, 0x0000000082100000|100%| O|  |TAMS 0x0000000082100000, 0x0000000082000000| Untracked 
|   3|0x0000000082100000, 0x0000000082200000, 0x0000000082200000|100%| O|  |TAMS 0x0000000082200000, 0x0000000082100000| Untracked 
|   4|0x0000000082200000, 0x0000000082300000, 0x0000000082300000|100%| O|  |TAMS 0x0000000082300000, 0x0000000082200000| Untracked 
|   5|0x0000000082300000, 0x0000000082400000, 0x0000000082400000|100%| O|  |TAMS 0x0000000082400000, 0x0000000082300000| Untracked 
|   6|0x0000000082400000, 0x0000000082500000, 0x0000000082500000|100%| O|  |TAMS 0x0000000082500000, 0x0000000082400000| Untracked 
|   7|0x0000000082500000, 0x0000000082600000, 0x0000000082600000|100%| O|  |TAMS 0x0000000082600000, 0x0000000082500000| Untracked 
|   8|0x0000000082600000, 0x0000000082700000, 0x0000000082700000|100%| O|  |TAMS 0x0000000082600000, 0x0000000082600000| Untracked 
|   9|0x0000000082700000, 0x0000000082800000, 0x0000000082800000|100%| O|  |TAMS 0x0000000082700000, 0x0000000082700000| Untracked 
|  10|0x0000000082800000, 0x0000000082900000, 0x0000000082900000|100%| O|  |TAMS 0x0000000082800000, 0x0000000082800000| Untracked 
|  11|0x0000000082900000, 0x0000000082a00000, 0x0000000082a00000|100%| O|  |TAMS 0x0000000082900000, 0x0000000082900000| Untracked 
|  12|0x0000000082a00000, 0x0000000082b00000, 0x0000000082b00000|100%| O|  |TAMS 0x0000000082a00000, 0x0000000082a00000| Untracked 
|  13|0x0000000082b00000, 0x0000000082b7d600, 0x0000000082c00000| 48%| O|  |TAMS 0x0000000082b00000, 0x0000000082b00000| Untracked 
|  14|0x0000000082c00000, 0x0000000082c00000, 0x0000000082d00000|  0%| F|  |TAMS 0x0000000082c00000, 0x0000000082c00000| Untracked 
|  15|0x0000000082d00000, 0x0000000082d00000, 0x0000000082e00000|  0%| F|  |TAMS 0x0000000082d00000, 0x0000000082d00000| Untracked 
|  16|0x0000000082e00000, 0x0000000082e00000, 0x0000000082f00000|  0%| F|  |TAMS 0x0000000082e00000, 0x0000000082e00000| Untracked 
|  17|0x0000000082f00000, 0x0000000082f00000, 0x0000000083000000|  0%| F|  |TAMS 0x0000000082f00000, 0x0000000082f00000| Untracked 
|  18|0x0000000083000000, 0x0000000083000000, 0x0000000083100000|  0%| F|  |TAMS 0x0000000083000000, 0x0000000083000000| Untracked 
|  19|0x0000000083100000, 0x0000000083100000, 0x0000000083200000|  0%| F|  |TAMS 0x0000000083100000, 0x0000000083100000| Untracked 
|  20|0x0000000083200000, 0x0000000083200000, 0x0000000083300000|  0%| F|  |TAMS 0x0000000083200000, 0x0000000083200000| Untracked 
|  21|0x0000000083300000, 0x0000000083300000, 0x0000000083400000|  0%| F|  |TAMS 0x0000000083300000, 0x0000000083300000| Untracked 
|  22|0x0000000083400000, 0x0000000083400000, 0x0000000083500000|  0%| F|  |TAMS 0x0000000083400000, 0x0000000083400000| Untracked 
|  23|0x0000000083500000, 0x000000008354aaf0, 0x0000000083600000| 29%| S|CS|TAMS 0x0000000083500000, 0x0000000083500000| Complete 
|  24|0x0000000083600000, 0x0000000083600000, 0x0000000083700000|  0%| F|  |TAMS 0x0000000083600000, 0x0000000083600000| Untracked 
|  25|0x0000000083700000, 0x0000000083700000, 0x0000000083800000|  0%| F|  |TAMS 0x0000000083700000, 0x0000000083700000| Untracked 
|  26|0x0000000083800000, 0x0000000083900000, 0x0000000083900000|100%| S|CS|TAMS 0x0000000083800000, 0x0000000083800000| Complete 
|  27|0x0000000083900000, 0x0000000083900000, 0x0000000083a00000|  0%| F|  |TAMS 0x0000000083900000, 0x0000000083900000| Untracked 
|  28|0x0000000083a00000, 0x0000000083a00000, 0x0000000083b00000|  0%| F|  |TAMS 0x0000000083a00000, 0x0000000083a00000| Untracked 
|  29|0x0000000083b00000, 0x0000000083b00000, 0x0000000083c00000|  0%| F|  |TAMS 0x0000000083b00000, 0x0000000083b00000| Untracked 
|  30|0x0000000083c00000, 0x0000000083c00000, 0x0000000083d00000|  0%| F|  |TAMS 0x0000000083c00000, 0x0000000083c00000| Untracked 
|  31|0x0000000083d00000, 0x0000000083d00000, 0x0000000083e00000|  0%| F|  |TAMS 0x0000000083d00000, 0x0000000083d00000| Untracked 
|  32|0x0000000083e00000, 0x0000000083e00000, 0x0000000083f00000|  0%| F|  |TAMS 0x0000000083e00000, 0x0000000083e00000| Untracked 
|  33|0x0000000083f00000, 0x0000000083f00000, 0x0000000084000000|  0%| F|  |TAMS 0x0000000083f00000, 0x0000000083f00000| Untracked 
|  34|0x0000000084000000, 0x0000000084000000, 0x0000000084100000|  0%| F|  |TAMS 0x0000000084000000, 0x0000000084000000| Untracked 
|  35|0x0000000084100000, 0x0000000084100000, 0x0000000084200000|  0%| F|  |TAMS 0x0000000084100000, 0x0000000084100000| Untracked 
|  36|0x0000000084200000, 0x0000000084200000, 0x0000000084300000|  0%| F|  |TAMS 0x0000000084200000, 0x0000000084200000| Untracked 
|  37|0x0000000084300000, 0x0000000084300000, 0x0000000084400000|  0%| F|  |TAMS 0x0000000084300000, 0x0000000084300000| Untracked 
|  38|0x0000000084400000, 0x0000000084400000, 0x0000000084500000|  0%| F|  |TAMS 0x0000000084400000, 0x0000000084400000| Untracked 
|  39|0x0000000084500000, 0x0000000084500000, 0x0000000084600000|  0%| F|  |TAMS 0x0000000084500000, 0x0000000084500000| Untracked 
| 118|0x0000000089400000, 0x0000000089400000, 0x0000000089500000|  0%| F|  |TAMS 0x0000000089400000, 0x0000000089400000| Untracked 
| 119|0x0000000089500000, 0x0000000089500000, 0x0000000089600000|  0%| F|  |TAMS 0x0000000089500000, 0x0000000089500000| Untracked 
| 126|0x0000000089c00000, 0x0000000089c00000, 0x0000000089d00000|  0%| F|  |TAMS 0x0000000089c00000, 0x0000000089c00000| Untracked 
| 127|0x0000000089d00000, 0x0000000089d00000, 0x0000000089e00000|  0%| F|  |TAMS 0x0000000089d00000, 0x0000000089d00000| Untracked 

Card table byte_map: [0x0000025614ed0000,0x00000256152d0000] _byte_map_base: 0x0000025614ac1000

Marking Bits (Prev, Next): (CMBitMap*) 0x000002560e376cd0, (CMBitMap*) 0x000002560e376c90
 Prev Bits: [0x0000025617660000, 0x00000256195e8000)
 Next Bits: [0x00000256156d0000, 0x0000025617658000)

Polling page: 0x000002560c0f0000

Metaspace:

Usage:
  Non-class:     25.92 MB used.
      Class:      3.58 MB used.
       Both:     29.49 MB used.

Virtual space:
  Non-class space:       32.00 MB reserved,      26.12 MB ( 82%) committed,  4 nodes.
      Class space:        1.00 GB reserved,       3.75 MB ( <1%) committed,  1 nodes.
             Both:        1.03 GB reserved,      29.88 MB (  3%) committed. 

Chunk freelists:
   Non-Class:  1.05 MB
       Class:  96.00 KB
        Both:  1.14 MB

MaxMetaspaceSize: unlimited
CompressedClassSpaceSize: 1.00 GB
Initial GC threshold: 21.00 MB
Current GC threshold: 35.31 MB
CDS: off
MetaspaceReclaimPolicy: balanced
 - commit_granule_bytes: 65536.
 - commit_granule_words: 8192.
 - virtual_space_node_default_size: 1048576.
 - enlarge_chunks_in_place: 1.
 - new_chunks_are_fully_committed: 0.
 - uncommit_free_chunks: 1.
 - use_allocation_guard: 0.
 - handle_deallocations: 1.


Internal statistics:

num_allocs_failed_limit: 5.
num_arena_births: 334.
num_arena_deaths: 0.
num_vsnodes_births: 5.
num_vsnodes_deaths: 0.
num_space_committed: 478.
num_space_uncommitted: 0.
num_chunks_returned_to_freelist: 5.
num_chunks_taken_from_freelist: 1066.
num_chunk_merges: 5.
num_chunk_splits: 707.
num_chunks_enlarged: 503.
num_purges: 0.
num_inconsistent_stats: 0.

CodeCache: size=49152Kb used=7655Kb max_used=7655Kb free=41496Kb
 bounds [0x00000256119c0000, 0x0000025612140000, 0x00000256149c0000]
 total_blobs=3631 nmethods=3126 adapters=428
 compilation: enabled
              stopped_count=0, restarted_count=0
 full_count=0

Compilation events (20 events):
Event: 3.854 Thread 0x000002561cc5c040 3117       1       org.springframework.core.io.support.PathMatchingResourcePatternResolver$$Lambda$290/0x0000000100248238::test (8 bytes)
Event: 3.854 Thread 0x000002561cd93740 3118       1       org.springframework.core.io.support.PathMatchingResourcePatternResolver::lambda$static$1 (21 bytes)
Event: 3.854 Thread 0x000002561cc5c040 nmethod 3117 0x0000025612136790 code [0x0000025612136940, 0x0000025612136aa8]
Event: 3.854 Thread 0x000002561cd93740 nmethod 3118 0x0000025612136c10 code [0x0000025612136dc0, 0x0000025612136ec8]
Event: 3.855 Thread 0x000002561cd93740 3119       1       java.util.regex.Pattern$$Lambda$382/0x00000001001fe1a8::is (5 bytes)
Event: 3.855 Thread 0x000002561cd93740 nmethod 3119 0x0000025612137010 code [0x00000256121371a0, 0x0000025612137278]
Event: 3.855 Thread 0x000002561cd93740 3120       1       org.springframework.util.AntPathMatcher::skipSegment (75 bytes)
Event: 3.855 Thread 0x000002561cc5c040 3121       1       org.springframework.util.AntPathMatcher::skipSeparator (30 bytes)
Event: 3.855 Thread 0x000002561e8e0f20 3122       1       org.springframework.util.AntPathMatcher::matchStrings (11 bytes)
Event: 3.855 Thread 0x000002561e8f8710 3123       1       org.springframework.util.AntPathMatcher::getStringMatcher (98 bytes)
Event: 3.856 Thread 0x000002561e8e0f20 nmethod 3122 0x0000025612137310 code [0x00000256121374c0, 0x00000256121375d8]
Event: 3.856 Thread 0x000002561e8e0f20 3124       1       org.springframework.util.AntPathMatcher$AntPathStringMatcher::matchStrings (178 bytes)
Event: 3.856 Thread 0x000002561cc5c040 nmethod 3121 0x0000025612137710 code [0x00000256121378a0, 0x0000025612137a08]
Event: 3.856 Thread 0x000002561e8f8710 nmethod 3123 0x0000025612137b90 code [0x0000025612137d80, 0x0000025612138138]
Event: 3.856 Thread 0x000002561cd93740 nmethod 3120 0x0000025612138310 code [0x0000025612138500, 0x0000025612138988]
Event: 3.856 Thread 0x000002561e8e0f20 nmethod 3124 0x0000025612138c90 code [0x0000025612138f00, 0x0000025612139448]
Event: 3.861 Thread 0x000002561e8f8710 3126       1       java.lang.ReflectiveOperationException::<init> (7 bytes)
Event: 3.861 Thread 0x000002561e8e0f20 3125       1       java.lang.ClassNotFoundException::<init> (7 bytes)
Event: 3.861 Thread 0x000002561e8e0f20 nmethod 3125 0x0000025612139890 code [0x0000025612139a20, 0x0000025612139b08]
Event: 3.861 Thread 0x000002561e8f8710 nmethod 3126 0x0000025612139b90 code [0x0000025612139d20, 0x0000025612139e08]

GC Heap History (13 events):
Event: 0.913 GC heap before
{Heap before GC invocations=0 (full 0):
 garbage-first heap   total 131072K, used 25600K [0x0000000081e00000, 0x0000000100000000)
  region size 1024K, 23 young (23552K), 0 survivors (0K)
 Metaspace       used 15355K, committed 15488K, reserved 1064960K
  class space    used 1615K, committed 1664K, reserved 1048576K
}
Event: 0.919 GC heap after
{Heap after GC invocations=1 (full 0):
 garbage-first heap   total 131072K, used 9167K [0x0000000081e00000, 0x0000000100000000)
  region size 1024K, 3 young (3072K), 3 survivors (3072K)
 Metaspace       used 15355K, committed 15488K, reserved 1064960K
  class space    used 1615K, committed 1664K, reserved 1048576K
}
Event: 2.517 GC heap before
{Heap before GC invocations=1 (full 0):
 garbage-first heap   total 131072K, used 27599K [0x0000000081e00000, 0x0000000100000000)
  region size 1024K, 22 young (22528K), 3 survivors (3072K)
 Metaspace       used 19606K, committed 19904K, reserved 1073152K
  class space    used 2279K, committed 2432K, reserved 1048576K
}
Event: 2.521 GC heap after
{Heap after GC invocations=2 (full 0):
 garbage-first heap   total 131072K, used 10838K [0x0000000081e00000, 0x0000000100000000)
  region size 1024K, 2 young (2048K), 2 survivors (2048K)
 Metaspace       used 19606K, committed 19904K, reserved 1073152K
  class space    used 2279K, committed 2432K, reserved 1048576K
}
Event: 2.773 GC heap before
{Heap before GC invocations=2 (full 0):
 garbage-first heap   total 131072K, used 18006K [0x0000000081e00000, 0x0000000100000000)
  region size 1024K, 10 young (10240K), 2 survivors (2048K)
 Metaspace       used 21281K, committed 21504K, reserved 1073152K
  class space    used 2466K, committed 2560K, reserved 1048576K
}
Event: 2.777 GC heap after
{Heap after GC invocations=3 (full 0):
 garbage-first heap   total 131072K, used 11117K [0x0000000081e00000, 0x0000000100000000)
  region size 1024K, 2 young (2048K), 2 survivors (2048K)
 Metaspace       used 21281K, committed 21504K, reserved 1073152K
  class space    used 2466K, committed 2560K, reserved 1048576K
}
Event: 3.171 GC heap before
{Heap before GC invocations=4 (full 0):
 garbage-first heap   total 45056K, used 32621K [0x0000000081e00000, 0x0000000100000000)
  region size 1024K, 25 young (25600K), 2 survivors (2048K)
 Metaspace       used 26525K, committed 26752K, reserved 1073152K
  class space    used 3162K, committed 3264K, reserved 1048576K
}
Event: 3.178 GC heap after
{Heap after GC invocations=5 (full 0):
 garbage-first heap   total 45056K, used 12460K [0x0000000081e00000, 0x0000000100000000)
  region size 1024K, 4 young (4096K), 4 survivors (4096K)
 Metaspace       used 26525K, committed 26752K, reserved 1073152K
  class space    used 3162K, committed 3264K, reserved 1048576K
}
Event: 3.201 GC heap before
{Heap before GC invocations=5 (full 0):
 garbage-first heap   total 45056K, used 13484K [0x0000000081e00000, 0x0000000100000000)
  region size 1024K, 5 young (5120K), 4 survivors (4096K)
 Metaspace       used 26644K, committed 26880K, reserved 1073152K
  class space    used 3181K, committed 3264K, reserved 1048576K
}
Event: 3.210 GC heap after
{Heap after GC invocations=6 (full 0):
 garbage-first heap   total 45056K, used 12615K [0x0000000081e00000, 0x0000000100000000)
  region size 1024K, 1 young (1024K), 1 survivors (1024K)
 Metaspace       used 26644K, committed 26880K, reserved 1073152K
  class space    used 3181K, committed 3264K, reserved 1048576K
}
Event: 3.506 GC heap before
{Heap before GC invocations=6 (full 0):
 garbage-first heap   total 45056K, used 28999K [0x0000000081e00000, 0x0000000100000000)
  region size 1024K, 18 young (18432K), 1 survivors (1024K)
 Metaspace       used 28239K, committed 28544K, reserved 1081344K
  class space    used 3371K, committed 3456K, reserved 1048576K
}
Event: 3.511 GC heap after
{Heap after GC invocations=7 (full 0):
 garbage-first heap   total 45056K, used 13859K [0x0000000081e00000, 0x0000000100000000)
  region size 1024K, 2 young (2048K), 2 survivors (2048K)
 Metaspace       used 28239K, committed 28544K, reserved 1081344K
  class space    used 3371K, committed 3456K, reserved 1048576K
}
Event: 3.870 GC heap before
{Heap before GC invocations=7 (full 0):
 garbage-first heap   total 45056K, used 30243K [0x0000000081e00000, 0x0000000100000000)
  region size 1024K, 19 young (19456K), 2 survivors (2048K)
 Metaspace       used 30199K, committed 30592K, reserved 1081344K
  class space    used 3661K, committed 3840K, reserved 1048576K
}

Dll operation events (8 events):
Event: 0.006 Loaded shared library F:\3ingeneur\Spring\jeeTools\sts-4.18.0.RELEASE\plugins\org.eclipse.justj.openjdk.hotspot.jre.full.win32.x86_64_17.0.6.v20230204-1729\jre\bin\java.dll
Event: 0.173 Loaded shared library F:\3ingeneur\Spring\jeeTools\sts-4.18.0.RELEASE\plugins\org.eclipse.justj.openjdk.hotspot.jre.full.win32.x86_64_17.0.6.v20230204-1729\jre\bin\jimage.dll
Event: 0.188 Loaded shared library F:\3ingeneur\Spring\jeeTools\sts-4.18.0.RELEASE\plugins\org.eclipse.justj.openjdk.hotspot.jre.full.win32.x86_64_17.0.6.v20230204-1729\jre\bin\net.dll
Event: 0.189 Loaded shared library F:\3ingeneur\Spring\jeeTools\sts-4.18.0.RELEASE\plugins\org.eclipse.justj.openjdk.hotspot.jre.full.win32.x86_64_17.0.6.v20230204-1729\jre\bin\nio.dll
Event: 0.194 Loaded shared library F:\3ingeneur\Spring\jeeTools\sts-4.18.0.RELEASE\plugins\org.eclipse.justj.openjdk.hotspot.jre.full.win32.x86_64_17.0.6.v20230204-1729\jre\bin\zip.dll
Event: 0.265 Loaded shared library F:\3ingeneur\Spring\jeeTools\sts-4.18.0.RELEASE\plugins\org.eclipse.justj.openjdk.hotspot.jre.full.win32.x86_64_17.0.6.v20230204-1729\jre\bin\management.dll
Event: 0.277 Loaded shared library F:\3ingeneur\Spring\jeeTools\sts-4.18.0.RELEASE\plugins\org.eclipse.justj.openjdk.hotspot.jre.full.win32.x86_64_17.0.6.v20230204-1729\jre\bin\management_ext.dll
Event: 0.719 Loaded shared library F:\3ingeneur\Spring\jeeTools\sts-4.18.0.RELEASE\plugins\org.eclipse.justj.openjdk.hotspot.jre.full.win32.x86_64_17.0.6.v20230204-1729\jre\bin\verify.dll

Deoptimization events (2 events):
Event: 2.867 Thread 0x000002560e31ddb0 DEOPT PACKING pc=0x0000025611f86699 sp=0x0000008beb9fd5b0
Event: 2.867 Thread 0x000002560e31ddb0 DEOPT UNPACKING pc=0x0000025611a17143 sp=0x0000008beb9fca90 mode 3

Classes unloaded (0 events):
No events

Classes redefined (0 events):
No events

Internal exceptions (20 events):
Event: 2.478 Thread 0x000002560e31ddb0 Exception <a 'java/lang/NoSuchMethodError'{0x0000000088de5400}: 'java.lang.Object java.lang.invoke.DirectMethodHandle$Holder.invokeStaticInit(java.lang.Object, java.lang.Object, long, java.lang.Object)'> (0x0000000088de5400) 
thrown [s\src\hotspot\share\interpreter\linkResolver.cpp, line 759]
Event: 2.479 Thread 0x000002560e31ddb0 Exception <a 'java/lang/NoSuchMethodError'{0x0000000088deb730}: 'java.lang.Object java.lang.invoke.DirectMethodHandle$Holder.newInvokeSpecial(java.lang.Object, java.lang.Object, long)'> (0x0000000088deb730) 
thrown [s\src\hotspot\share\interpreter\linkResolver.cpp, line 759]
Event: 2.485 Thread 0x000002560e31ddb0 Exception <a 'java/lang/NoSuchMethodError'{0x0000000088c358e0}: 'void java.lang.invoke.DirectMethodHandle$Holder.invokeVirtual(java.lang.Object, java.lang.Object, java.lang.Object, java.lang.Object)'> (0x0000000088c358e0) 
thrown [s\src\hotspot\share\interpreter\linkResolver.cpp, line 759]
Event: 2.515 Thread 0x000002560e31ddb0 Exception <a 'java/lang/NoSuchMethodError'{0x0000000088b88438}: 'void java.lang.invoke.DirectMethodHandle$Holder.invokeSpecial(java.lang.Object, java.lang.Object, java.lang.Object)'> (0x0000000088b88438) 
thrown [s\src\hotspot\share\interpreter\linkResolver.cpp, line 759]
Event: 2.515 Thread 0x000002560e31ddb0 Exception <a 'java/lang/NoSuchMethodError'{0x0000000088b8ea10}: 'void java.lang.invoke.DirectMethodHandle$Holder.invokeSpecial(java.lang.Object, java.lang.Object, java.lang.Object, java.lang.Object, java.lang.Object)'> (0x0000000088b8ea10) 
thrown [s\src\hotspot\share\interpreter\linkResolver.cpp, line 759]
Event: 2.522 Thread 0x000002561e71c610 Exception <a 'java/lang/NoClassDefFoundError'{0x0000000089d95778}: jakarta/validation/Validation> (0x0000000089d95778) 
thrown [s\src\hotspot\share\classfile\systemDictionary.cpp, line 245]
Event: 2.522 Thread 0x000002560e31ddb0 Exception <a 'java/lang/IncompatibleClassChangeError'{0x0000000089d0fde0}: Found class java.lang.Object, but interface was expected> (0x0000000089d0fde0) 
thrown [s\src\hotspot\share\interpreter\linkResolver.cpp, line 826]
Event: 2.716 Thread 0x000002561e698330 Exception <a 'java/lang/reflect/InvocationTargetException'{0x000000008981f030}> (0x000000008981f030) 
thrown [s\src\hotspot\share\runtime\reflection.cpp, line 1121]
Event: 2.999 Thread 0x000002560e31ddb0 Exception <a 'java/lang/NoSuchMethodError'{0x0000000083592e90}: 'int java.lang.invoke.DirectMethodHandle$Holder.invokeSpecial(java.lang.Object, java.lang.Object, java.lang.Object, java.lang.Object, java.lang.Object)'> (0x0000000083592e90) 
thrown [s\src\hotspot\share\interpreter\linkResolver.cpp, line 759]
Event: 3.000 Thread 0x000002560e31ddb0 Exception <a 'java/lang/NoSuchMethodError'{0x000000008359bd40}: 'void java.lang.invoke.DirectMethodHandle$Holder.invokeVirtual(java.lang.Object, java.lang.Object)'> (0x000000008359bd40) 
thrown [s\src\hotspot\share\interpreter\linkResolver.cpp, line 759]
Event: 3.031 Thread 0x000002561e71c610 Exception <a 'java/lang/NoSuchMethodError'{0x00000000833a9638}: 'long java.lang.invoke.DirectMethodHandle$Holder.invokeSpecial(java.lang.Object, java.lang.Object)'> (0x00000000833a9638) 
thrown [s\src\hotspot\share\interpreter\linkResolver.cpp, line 759]
Event: 3.033 Thread 0x000002561e71c610 Exception <a 'java/lang/NoSuchMethodError'{0x00000000833b4860}: 'long java.lang.invoke.DirectMethodHandle$Holder.invokeStatic(java.lang.Object, java.lang.Object)'> (0x00000000833b4860) 
thrown [s\src\hotspot\share\interpreter\linkResolver.cpp, line 759]
Event: 3.033 Thread 0x000002561e71c610 Exception <a 'java/lang/NoSuchMethodError'{0x00000000833b7e60}: 'long java.lang.invoke.DirectMethodHandle$Holder.invokeStaticInit(java.lang.Object, java.lang.Object)'> (0x00000000833b7e60) 
thrown [s\src\hotspot\share\interpreter\linkResolver.cpp, line 759]
Event: 3.035 Thread 0x000002561e71c610 Exception <a 'java/lang/NoSuchMethodError'{0x000000008320d3b8}: 'long java.lang.invoke.DirectMethodHandle$Holder.invokeInterface(java.lang.Object, java.lang.Object)'> (0x000000008320d3b8) 
thrown [s\src\hotspot\share\interpreter\linkResolver.cpp, line 759]
Event: 3.035 Thread 0x000002561e71c610 Exception <a 'java/lang/IncompatibleClassChangeError'{0x0000000083210948}: Found class java.lang.Object, but interface was expected> (0x0000000083210948) 
thrown [s\src\hotspot\share\interpreter\linkResolver.cpp, line 826]
Event: 3.046 Thread 0x000002561e71c610 Exception <a 'java/lang/NoSuchMethodError'{0x0000000083100218}: 'java.lang.Object java.lang.invoke.DirectMethodHandle$Holder.invokeVirtual(java.lang.Object, java.lang.Object, java.lang.Object, java.lang.Object)'> (0x0000000083100218) 
thrown [s\src\hotspot\share\interpreter\linkResolver.cpp, line 759]
Event: 3.189 Thread 0x000002560e31ddb0 Exception <a 'java/lang/NoSuchMethodError'{0x0000000089d75900}: 'void java.lang.invoke.DirectMethodHandle$Holder.invokeInterface(java.lang.Object, java.lang.Object, java.lang.Object, java.lang.Object)'> (0x0000000089d75900) 
thrown [s\src\hotspot\share\interpreter\linkResolver.cpp, line 759]
Event: 3.219 Thread 0x000002561e698330 Exception <a 'java/lang/reflect/InvocationTargetException'{0x0000000089dae4e0}> (0x0000000089dae4e0) 
thrown [s\src\hotspot\share\runtime\reflection.cpp, line 1121]
Event: 3.282 Thread 0x000002560e31ddb0 Exception <a 'java/lang/IncompatibleClassChangeError'{0x0000000084394168}: Found class java.lang.Object, but interface was expected> (0x0000000084394168) 
thrown [s\src\hotspot\share\interpreter\linkResolver.cpp, line 826]
Event: 3.722 Thread 0x000002561e698330 Exception <a 'java/lang/reflect/InvocationTargetException'{0x00000000840fdc68}> (0x00000000840fdc68) 
thrown [s\src\hotspot\share\runtime\reflection.cpp, line 1121]

VM Operations (20 events):
Event: 2.940 Executing VM operation: HandshakeAllThreads done
Event: 2.968 Executing VM operation: HandshakeAllThreads
Event: 2.968 Executing VM operation: HandshakeAllThreads done
Event: 2.980 Executing VM operation: HandshakeAllThreads
Event: 2.980 Executing VM operation: HandshakeAllThreads done
Event: 3.171 Executing VM operation: G1CollectForAllocation
Event: 3.178 Executing VM operation: G1CollectForAllocation done
Event: 3.201 Executing VM operation: G1CollectForAllocation
Event: 3.210 Executing VM operation: G1CollectForAllocation done
Event: 3.506 Executing VM operation: G1CollectForAllocation
Event: 3.511 Executing VM operation: G1CollectForAllocation done
Event: 3.844 Executing VM operation: HandshakeAllThreads
Event: 3.844 Executing VM operation: HandshakeAllThreads done
Event: 3.844 Executing VM operation: HandshakeAllThreads
Event: 3.844 Executing VM operation: HandshakeAllThreads done
Event: 3.849 Executing VM operation: HandshakeAllThreads
Event: 3.849 Executing VM operation: HandshakeAllThreads done
Event: 3.851 Executing VM operation: HandshakeAllThreads
Event: 3.851 Executing VM operation: HandshakeAllThreads done
Event: 3.870 Executing VM operation: G1CollectForAllocation

Events (20 events):
Event: 3.229 Thread 0x000002561e9d59d0 Thread added: 0x000002561e9d59d0
Event: 3.238 loading class javax/naming/ldap/LdapContext
Event: 3.238 loading class javax/naming/directory/DirContext
Event: 3.238 loading class javax/naming/directory/DirContext done
Event: 3.238 loading class javax/naming/ldap/LdapContext done
Event: 3.263 Thread 0x000002561e9d59d0 Thread exited: 0x000002561e9d59d0
Event: 3.283 loading class java/util/HashMap$KeySpliterator
Event: 3.283 loading class java/util/HashMap$KeySpliterator done
Event: 3.431 loading class java/beans/PropertyVetoException
Event: 3.431 loading class java/beans/PropertyVetoException done
Event: 3.789 loading class java/lang/UnsupportedClassVersionError
Event: 3.789 loading class java/lang/ClassFormatError
Event: 3.789 loading class java/lang/ClassFormatError done
Event: 3.789 loading class java/lang/UnsupportedClassVersionError done
Event: 3.848 loading class java/util/Collections$UnmodifiableMap$UnmodifiableEntrySet
Event: 3.848 loading class java/util/Collections$UnmodifiableMap$UnmodifiableEntrySet done
Event: 3.849 loading class java/util/Collections$UnmodifiableMap$UnmodifiableEntrySet$1
Event: 3.849 loading class java/util/Collections$UnmodifiableMap$UnmodifiableEntrySet$1 done
Event: 3.849 loading class java/util/Collections$UnmodifiableMap$UnmodifiableEntrySet$UnmodifiableEntry
Event: 3.849 loading class java/util/Collections$UnmodifiableMap$UnmodifiableEntrySet$UnmodifiableEntry done


Dynamic libraries:
0x00007ff6753d0000 - 0x00007ff6753de000 	F:\3ingeneur\Spring\jeeTools\sts-4.18.0.RELEASE\plugins\org.eclipse.justj.openjdk.hotspot.jre.full.win32.x86_64_17.0.6.v20230204-1729\jre\bin\javaw.exe
0x00007ffcb9a50000 - 0x00007ffcb9c48000 	C:\Windows\SYSTEM32\ntdll.dll
0x00007ffcb8a00000 - 0x00007ffcb8abd000 	C:\Windows\System32\KERNEL32.DLL
0x00007ffcb77a0000 - 0x00007ffcb7a96000 	C:\Windows\System32\KERNELBASE.dll
0x00007ffcb7370000 - 0x00007ffcb7470000 	C:\Windows\System32\ucrtbase.dll
0x00007ffcb4570000 - 0x00007ffcb4589000 	F:\3ingeneur\Spring\jeeTools\sts-4.18.0.RELEASE\plugins\org.eclipse.justj.openjdk.hotspot.jre.full.win32.x86_64_17.0.6.v20230204-1729\jre\bin\VCRUNTIME140.dll
0x00007ffcb1ec0000 - 0x00007ffcb1ed7000 	F:\3ingeneur\Spring\jeeTools\sts-4.18.0.RELEASE\plugins\org.eclipse.justj.openjdk.hotspot.jre.full.win32.x86_64_17.0.6.v20230204-1729\jre\bin\jli.dll
0x00007ffcb8e30000 - 0x00007ffcb8fce000 	C:\Windows\System32\USER32.dll
0x00007ffc9e1e0000 - 0x00007ffc9e47a000 	C:\Windows\WinSxS\amd64_microsoft.windows.common-controls_6595b64144ccf1df_6.0.19041.3636_none_60b6a03d71f818d5\COMCTL32.dll
0x00007ffcb7d70000 - 0x00007ffcb7e0e000 	C:\Windows\System32\msvcrt.dll
0x00007ffcb7510000 - 0x00007ffcb7532000 	C:\Windows\System32\win32u.dll
0x00007ffcb97d0000 - 0x00007ffcb97fc000 	C:\Windows\System32\GDI32.dll
0x00007ffcb7250000 - 0x00007ffcb736a000 	C:\Windows\System32\gdi32full.dll
0x00007ffcb7470000 - 0x00007ffcb750d000 	C:\Windows\System32\msvcp_win.dll
0x00007ffcb8fd0000 - 0x00007ffcb9000000 	C:\Windows\System32\IMM32.DLL
0x00007ffcb4560000 - 0x00007ffcb456c000 	F:\3ingeneur\Spring\jeeTools\sts-4.18.0.RELEASE\plugins\org.eclipse.justj.openjdk.hotspot.jre.full.win32.x86_64_17.0.6.v20230204-1729\jre\bin\vcruntime140_1.dll
0x00007ffca0210000 - 0x00007ffca02a1000 	F:\3ingeneur\Spring\jeeTools\sts-4.18.0.RELEASE\plugins\org.eclipse.justj.openjdk.hotspot.jre.full.win32.x86_64_17.0.6.v20230204-1729\jre\bin\msvcp140.dll
0x00007ffc62480000 - 0x00007ffc630c7000 	F:\3ingeneur\Spring\jeeTools\sts-4.18.0.RELEASE\plugins\org.eclipse.justj.openjdk.hotspot.jre.full.win32.x86_64_17.0.6.v20230204-1729\jre\bin\server\jvm.dll
0x00007ffcb7cb0000 - 0x00007ffcb7d63000 	C:\Windows\System32\ADVAPI32.dll
0x00007ffcb80c0000 - 0x00007ffcb815f000 	C:\Windows\System32\sechost.dll
0x00007ffcb7f30000 - 0x00007ffcb8056000 	C:\Windows\System32\RPCRT4.dll
0x00007ffcb7220000 - 0x00007ffcb7247000 	C:\Windows\System32\bcrypt.dll
0x00007ffc9b6d0000 - 0x00007ffc9b6f7000 	C:\Windows\SYSTEM32\WINMM.dll
0x00007ffca2110000 - 0x00007ffca2119000 	C:\Windows\SYSTEM32\WSOCK32.dll
0x00007ffcb0bd0000 - 0x00007ffcb0bda000 	C:\Windows\SYSTEM32\VERSION.dll
0x00007ffcb8ac0000 - 0x00007ffcb8b2b000 	C:\Windows\System32\WS2_32.dll
0x00007ffcb5940000 - 0x00007ffcb5952000 	C:\Windows\SYSTEM32\kernel.appcore.dll
0x00007ffc9ddb0000 - 0x00007ffc9ddba000 	F:\3ingeneur\Spring\jeeTools\sts-4.18.0.RELEASE\plugins\org.eclipse.justj.openjdk.hotspot.jre.full.win32.x86_64_17.0.6.v20230204-1729\jre\bin\jimage.dll
0x00007ffcb4d40000 - 0x00007ffcb4f24000 	C:\Windows\SYSTEM32\DBGHELP.DLL
0x00007ffc78720000 - 0x00007ffc78754000 	C:\Windows\SYSTEM32\dbgcore.DLL
0x00007ffcb76a0000 - 0x00007ffcb7722000 	C:\Windows\System32\bcryptPrimitives.dll
0x00007ffcb1e90000 - 0x00007ffcb1eb5000 	F:\3ingeneur\Spring\jeeTools\sts-4.18.0.RELEASE\plugins\org.eclipse.justj.openjdk.hotspot.jre.full.win32.x86_64_17.0.6.v20230204-1729\jre\bin\java.dll
0x00007ffcb1e70000 - 0x00007ffcb1e88000 	F:\3ingeneur\Spring\jeeTools\sts-4.18.0.RELEASE\plugins\org.eclipse.justj.openjdk.hotspot.jre.full.win32.x86_64_17.0.6.v20230204-1729\jre\bin\zip.dll
0x00007ffcb82b0000 - 0x00007ffcb89f5000 	C:\Windows\System32\SHELL32.dll
0x00007ffcb5170000 - 0x00007ffcb590b000 	C:\Windows\SYSTEM32\windows.storage.dll
0x00007ffcb9470000 - 0x00007ffcb97c4000 	C:\Windows\System32\combase.dll
0x00007ffcb6a70000 - 0x00007ffcb6a9d000 	C:\Windows\SYSTEM32\Wldp.dll
0x00007ffcb7e10000 - 0x00007ffcb7ebd000 	C:\Windows\System32\SHCORE.dll
0x00007ffcb7aa0000 - 0x00007ffcb7af5000 	C:\Windows\System32\shlwapi.dll
0x00007ffcb7050000 - 0x00007ffcb7075000 	C:\Windows\SYSTEM32\profapi.dll
0x00007ffcb1e30000 - 0x00007ffcb1e49000 	F:\3ingeneur\Spring\jeeTools\sts-4.18.0.RELEASE\plugins\org.eclipse.justj.openjdk.hotspot.jre.full.win32.x86_64_17.0.6.v20230204-1729\jre\bin\net.dll
0x00007ffcaf5c0000 - 0x00007ffcaf6ca000 	C:\Windows\SYSTEM32\WINHTTP.dll
0x00007ffcb6850000 - 0x00007ffcb68ba000 	C:\Windows\system32\mswsock.dll
0x00007ffcb1e10000 - 0x00007ffcb1e25000 	F:\3ingeneur\Spring\jeeTools\sts-4.18.0.RELEASE\plugins\org.eclipse.justj.openjdk.hotspot.jre.full.win32.x86_64_17.0.6.v20230204-1729\jre\bin\nio.dll
0x00007ffca5390000 - 0x00007ffca5399000 	F:\3ingeneur\Spring\jeeTools\sts-4.18.0.RELEASE\plugins\org.eclipse.justj.openjdk.hotspot.jre.full.win32.x86_64_17.0.6.v20230204-1729\jre\bin\management.dll
0x00007ffca5380000 - 0x00007ffca538b000 	F:\3ingeneur\Spring\jeeTools\sts-4.18.0.RELEASE\plugins\org.eclipse.justj.openjdk.hotspot.jre.full.win32.x86_64_17.0.6.v20230204-1729\jre\bin\management_ext.dll
0x00007ffcb9800000 - 0x00007ffcb9808000 	C:\Windows\System32\PSAPI.DLL
0x00007ffca0ca0000 - 0x00007ffca0cb7000 	C:\Windows\system32\napinsp.dll
0x00007ffca0700000 - 0x00007ffca071b000 	C:\Windows\system32\pnrpnsp.dll
0x00007ffc6cb70000 - 0x00007ffc6cb85000 	C:\Windows\system32\wshbth.dll
0x00007ffcb26c0000 - 0x00007ffcb26dd000 	C:\Windows\system32\NLAapi.dll
0x00007ffcb6510000 - 0x00007ffcb654b000 	C:\Windows\SYSTEM32\IPHLPAPI.DLL
0x00007ffcb6550000 - 0x00007ffcb661a000 	C:\Windows\SYSTEM32\DNSAPI.dll
0x00007ffcb7f20000 - 0x00007ffcb7f28000 	C:\Windows\System32\NSI.dll
0x00007ffca0100000 - 0x00007ffca0112000 	C:\Windows\System32\winrnr.dll
0x00007ffcae6f0000 - 0x00007ffcae6fa000 	C:\Windows\System32\rasadhlp.dll
0x00007ffcad390000 - 0x00007ffcad410000 	C:\Windows\System32\fwpuclnt.dll
0x00007ffcb6e00000 - 0x00007ffcb6e18000 	C:\Windows\SYSTEM32\CRYPTSP.dll
0x00007ffcb6130000 - 0x00007ffcb6164000 	C:\Windows\system32\rsaenh.dll
0x00007ffcb6fd0000 - 0x00007ffcb6ffe000 	C:\Windows\SYSTEM32\USERENV.dll
0x00007ffcb69e0000 - 0x00007ffcb69ec000 	C:\Windows\SYSTEM32\CRYPTBASE.dll
0x00007ffcb0ac0000 - 0x00007ffcb0ad7000 	C:\Windows\SYSTEM32\dhcpcsvc6.DLL
0x00007ffcb0aa0000 - 0x00007ffcb0abd000 	C:\Windows\SYSTEM32\dhcpcsvc.DLL
0x00007ffcb1e00000 - 0x00007ffcb1e10000 	F:\3ingeneur\Spring\jeeTools\sts-4.18.0.RELEASE\plugins\org.eclipse.justj.openjdk.hotspot.jre.full.win32.x86_64_17.0.6.v20230204-1729\jre\bin\verify.dll

dbghelp: loaded successfully - version: 4.0.5 - missing functions: none
symbol engine: initialized successfully - sym options: 0x614 - pdb path: .;F:\3ingeneur\Spring\jeeTools\sts-4.18.0.RELEASE\plugins\org.eclipse.justj.openjdk.hotspot.jre.full.win32.x86_64_17.0.6.v20230204-1729\jre\bin;C:\Windows\SYSTEM32;C:\Windows\WinSxS\amd64_microsoft.windows.common-controls_6595b64144ccf1df_6.0.19041.3636_none_60b6a03d71f818d5;F:\3ingeneur\Spring\jeeTools\sts-4.18.0.RELEASE\plugins\org.eclipse.justj.openjdk.hotspot.jre.full.win32.x86_64_17.0.6.v20230204-1729\jre\bin\server

VM Arguments:
jvm_args: -Dcom.sun.management.jmxremote -Dcom.sun.management.jmxremote.port=50930 -Dcom.sun.management.jmxremote.authenticate=false -Dcom.sun.management.jmxremote.ssl=false -Djava.rmi.server.hostname=localhost -Dspring.jmx.enabled=true -Dmanagement.endpoints.jmx.exposure.include=* -Dspring.application.admin.enabled=true -XX:TieredStopAtLevel=1 -Dspring.boot.project.name=microservice02 -Dfile.encoding=UTF-8 -XX:+ShowCodeDetailsInExceptionMessages 
java_command: tn.iit.microservice02.Microservice02Application --spring.output.ansi.enabled=always
java_class_path (initial): F:\3ingeneur\SOA\MiniProjet_Micor_Service\tournoi-foot-microservice\microservice02\target\classes;C:\Users\USER\.m2\repository\org\springframework\boot\spring-boot-starter-web\3.0.5\spring-boot-starter-web-3.0.5.jar;C:\Users\USER\.m2\repository\org\springframework\boot\spring-boot-starter\3.0.5\spring-boot-starter-3.0.5.jar;C:\Users\USER\.m2\repository\org\springframework\boot\spring-boot\3.0.5\spring-boot-3.0.5.jar;C:\Users\USER\.m2\repository\org\springframework\boot\spring-boot-autoconfigure\3.0.5\spring-boot-autoconfigure-3.0.5.jar;C:\Users\USER\.m2\repository\org\springframework\boot\spring-boot-starter-logging\3.0.5\spring-boot-starter-logging-3.0.5.jar;C:\Users\USER\.m2\repository\ch\qos\logback\logback-classic\1.4.6\logback-classic-1.4.6.jar;C:\Users\USER\.m2\repository\ch\qos\logback\logback-core\1.4.6\logback-core-1.4.6.jar;C:\Users\USER\.m2\repository\org\apache\logging\log4j\log4j-to-slf4j\2.19.0\log4j-to-slf4j-2.19.0.jar;C:\Users\USER\.m2\repository\org\apache\logging\log4j\log4j-api\2.19.0\log4j-api-2.19.0.jar;C:\Users\USER\.m2\repository\org\slf4j\jul-to-slf4j\2.0.7\jul-to-slf4j-2.0.7.jar;C:\Users\USER\.m2\repository\jakarta\annotation\jakarta.annotation-api\2.1.1\jakarta.annotation-api-2.1.1.jar;C:\Users\USER\.m2\repository\org\yaml\snakeyaml\1.33\snakeyaml-1.33.jar;C:\Users\USER\.m2\repository\org\springframework\boot\spring-boot-starter-json\3.0.5\spring-boot-starter-json-3.0.5.jar;C:\Users\USER\.m2\repository\com\fasterxml\jackson\core\jackson-databind\2.14.2\jackson-databind-2.14.2.jar;C:\Users\USER\.m2\repository\com\fasterxml\jackson\datatype\jackson-datatype-jdk8\2.14.2\jackson-datatype-jdk8-2.14.2.jar;C:\Users\USER\.m2\repository\com\fasterxml\jackson\datatype\jackson-datatype-jsr310\2.14.2\jackson-datatype-jsr310-2.14.2.jar;C:\Users\USER\.m2\repository\com\fasterxml\jackson\module\jackson-module-parameter-names\2.14.2\jackson-module-parameter-names-2.14.2.jar;C:\Users\USER\.m2\repository\org\springframework\boot\
Launcher Type: SUN_STANDARD

[Global flags]
     intx CICompilerCount                          = 4                                         {product} {ergonomic}
     uint ConcGCThreads                            = 2                                         {product} {ergonomic}
     uint G1ConcRefinementThreads                  = 8                                         {product} {ergonomic}
   size_t G1HeapRegionSize                         = 1048576                                   {product} {ergonomic}
    uintx GCDrainStackTargetSize                   = 64                                        {product} {ergonomic}
   size_t InitialHeapSize                          = 134217728                                 {product} {ergonomic}
     bool ManagementServer                         = true                                      {product} {command line}
   size_t MarkStackSize                            = 4194304                                   {product} {ergonomic}
   size_t MaxHeapSize                              = 2116026368                                {product} {ergonomic}
   size_t MaxNewSize                               = 1268776960                                {product} {ergonomic}
   size_t MinHeapDeltaBytes                        = 1048576                                   {product} {ergonomic}
   size_t MinHeapSize                              = 8388608                                   {product} {ergonomic}
    uintx NonProfiledCodeHeapSize                  = 0                                      {pd product} {ergonomic}
     bool ProfileInterpreter                       = false                                  {pd product} {command line}
    uintx ProfiledCodeHeapSize                     = 0                                      {pd product} {ergonomic}
     bool ShowCodeDetailsInExceptionMessages       = true                                   {manageable} {command line}
   size_t SoftMaxHeapSize                          = 2116026368                             {manageable} {ergonomic}
     intx TieredStopAtLevel                        = 1                                         {product} {command line}
     bool UseCompressedClassPointers               = true                           {product lp64_product} {ergonomic}
     bool UseCompressedOops                        = true                           {product lp64_product} {ergonomic}
     bool UseG1GC                                  = true                                      {product} {ergonomic}
     bool UseLargePagesIndividualAllocation        = false                                  {pd product} {ergonomic}

Logging:
Log output configuration:
 #0: stdout all=warning uptime,level,tags
 #1: stderr all=off uptime,level,tags

Environment Variables:
JAVA_HOME=C:\Program Files\Java\jdk-17.0.5
CLASSPATH=C:\Java\jdk1.8.0_271\lib\*.jar
PATH=F:/3ingeneur/Spring/jeeTools/sts-4.18.0.RELEASE//plugins/org.eclipse.justj.openjdk.hotspot.jre.full.win32.x86_64_17.0.6.v20230204-1729/jre/bin/server;F:/3ingeneur/Spring/jeeTools/sts-4.18.0.RELEASE//plugins/org.eclipse.justj.openjdk.hotspot.jre.full.win32.x86_64_17.0.6.v20230204-1729/jre/bin;C:\Program Files\Java\jdk-17.0.5;C:\apache-maven-3.9.3\bin;C:\Windows\system32;C:\Windows;C:\Windows\System32\Wbem;C:\Windows\System32\WindowsPowerShell\v1.0\;C:\Windows\System32\OpenSSH\;C:\Program Files (x86)\NVIDIA Corporation\PhysX\Common;C:\Program Files\MongoDB\Server\3.4\bin;C:\Windows\System32\cmd.exe;C:\Users\USER\AppData\Roaming\Microsoft\Windows\Start Menu\Programs\Python 3.9;C:\xampp\php;C:\Program Files\dotnet\;C:\Program Files\Microsoft SQL Server\130\Tools\Binn\;C:\Program Files\Microsoft SQL Server\Client SDK\ODBC\170\Tools\Binn\;C:\Program Files (x86)\Microsoft SQL Server\150\DTS\Binn\;C:\Program Files (x86)\Microsoft SQL Server\150\Tools\Binn\;C:\Program Files\Microsoft SQL Server\150\Tools\Binn\;C:\Program Files\Microsoft SQL Server\150\DTS\Binn\;C:\Program Files (x86)\nodejs\;C:\Users\USER\AppData\Local\Pub\Cache\bin;F:\Git\cmd;C:\Program Files\VisualSVN Server\bin;C:\Apache-Subversion\bin;C:\Program Files\TortoiseSVN\bin;C:\ProgramData\ComposerSetup\bin;F:\3ingeneur\SOA\tools\apache-ant-1.10.14\bin;F:\3ingeneur\Spring\apache-maven-3.9.5-bin\apache-maven-3.9.5\bin;C:\Users\USER\AppData\Local\Programs\Python\Python312;C:\Users\USER\AppData\Local\Programs\Python\Python312\Scripts;C:\Users\USER\AppData\Local\Programs\Python\Launcher\;C:\Program Files\Java\jdk-17.0.5\bin;C:\Users\USER\scoop\shims;C:\Users\USER\AppData\Local\Microsoft\WindowsApps;C:\Users\USER\AppData\Local\Programs\Microsoft VS Code\bin;C:\Program Files\MongoDB\Server\3.4\bin;C:\Users\USER\AppData\Roaming\Microsoft\Windows\Start Menu\Programs\Anaconda3 (64-bit);C:\src\flutter\bin;F:\Flutter_SDK\bin;C:\Users\USER\.dotnet\tools;C:\Program Files\Azure Data Studio\bin;C:\Users\USER\AppData\Roaming\
USERNAME=USER
OS=Windows_NT
PROCESSOR_IDENTIFIER=Intel64 Family 6 Model 142 Stepping 10, GenuineIntel
TMP=C:\Users\USER\AppData\Local\Temp
TEMP=C:\Users\USER\AppData\Local\Temp



---------------  S Y S T E M  ---------------

OS:
 Windows 10 , 64 bit Build 19041 (10.0.19041.3636)
OS uptime: 0 days 0:59 hours
Hyper-V role detected

CPU: total 8 (initial active 8) (4 cores per cpu, 2 threads per core) family 6 model 142 stepping 10 microcode 0xb4, cx8, cmov, fxsr, ht, mmx, 3dnowpref, sse, sse2, sse3, ssse3, sse4.1, sse4.2, popcnt, lzcnt, tsc, tscinvbit, avx, avx2, aes, erms, clmul, bmi1, bmi2, adx, fma, vzeroupper, clflush, clflushopt, hv

Memory: 4k page, system-wide physical 8070M (505M free)
TotalPageFile size 10118M (AvailPageFile size 44M)
current process WorkingSet (physical memory assigned to process): 125M, peak: 125M
current process commit charge ("private bytes"): 163M, peak: 234M

vm_info: OpenJDK 64-Bit Server VM (17.0.6+10) for windows-amd64 JRE (17.0.6+10), built on Jan 18 2023 10:08:59 by "temurin" with MS VC++ 16.7 (VS2019)

END.
