#
# There is insufficient memory for the Java Runtime Environment to continue.
# Native memory allocation (mmap) failed to map 134217728 bytes for G1 virtual space
# Possible reasons:
#   The system is out of physical RAM or swap space
#   The process is running with CompressedOops enabled, and the Java Heap may be blocking the growth of the native heap
# Possible solutions:
#   Reduce memory load on the system
#   Increase physical memory or swap space
#   Check if swap backing store is full
#   Decrease Java heap size (-Xmx/-Xms)
#   Decrease number of Java threads
#   Decrease Java thread stack sizes (-Xss)
#   Set larger code cache with -XX:ReservedCodeCacheSize=
#   JVM is running with Unscaled Compressed Oops mode in which the Java heap is
#     placed in the first 4GB address space. The Java Heap base address is the
#     maximum limit for the native heap growth. Please use -XX:HeapBaseMinAddress
#     to set the Java Heap base and to place the Java Heap above 4GB virtual address.
# This output file may be truncated or incomplete.
#
#  Out of Memory Error (os_windows.cpp:3557), pid=11816, tid=2076
#
# JRE version:  (17.0.6+10) (build )
# Java VM: OpenJDK 64-Bit Server VM (17.0.6+10, mixed mode, sharing, tiered, compressed oops, compressed class ptrs, g1 gc, windows-amd64)
# No core dump will be written. Minidumps are not enabled by default on client versions of Windows
#

---------------  S U M M A R Y ------------

Command Line: C:\Users\USER\AppData\Local\Temp\surefire16187639577591164726\surefirebooter4146268024283696752.jar C:\Users\USER\AppData\Local\Temp\surefire16187639577591164726 2024-01-12T23-57-04_080-jvmRun1 surefire1155840421383273695tmp surefire_06388410119392976259tmp

Host: Intel(R) Core(TM) i5-8250U CPU @ 1.60GHz, 8 cores, 7G,  Windows 10 , 64 bit Build 19041 (10.0.19041.3636)
Time: Fri Jan 12 23:57:05 2024 Afr. centrale Ouest elapsed time: 0.079012 seconds (0d 0h 0m 0s)

---------------  T H R E A D  ---------------

Current thread (0x0000027de8b54e90):  JavaThread "Unknown thread" [_thread_in_vm, id=2076, stack(0x0000009afec00000,0x0000009afed00000)]

Stack: [0x0000009afec00000,0x0000009afed00000]
Native frames: (J=compiled Java code, j=interpreted, Vv=VM code, C=native code)
V  [jvm.dll+0x67741a]
V  [jvm.dll+0x834434]
V  [jvm.dll+0x835bde]
V  [jvm.dll+0x836243]
V  [jvm.dll+0x2457b5]
V  [jvm.dll+0x674329]
V  [jvm.dll+0x6689da]
V  [jvm.dll+0x30489b]
V  [jvm.dll+0x30bd96]
V  [jvm.dll+0x35b57e]
V  [jvm.dll+0x35b7af]
V  [jvm.dll+0x2db778]
V  [jvm.dll+0x2dc6e4]
V  [jvm.dll+0x806131]
V  [jvm.dll+0x369331]
V  [jvm.dll+0x7e56ac]
V  [jvm.dll+0x3eb35f]
V  [jvm.dll+0x3ecea1]
C  [jli.dll+0x5267]
C  [ucrtbase.dll+0x21bb2]
C  [KERNEL32.DLL+0x17344]
C  [ntdll.dll+0x526b1]


---------------  P R O C E S S  ---------------

Threads class SMR info:
_java_thread_list=0x00007ff81ec45fd8, length=0, elements={
}

Java Threads: ( => current thread )

Other Threads:
  0x0000027de8bb1320 GCTaskThread "GC Thread#0" [stack: 0x0000009afed00000,0x0000009afee00000] [id=10936]
  0x0000027de8bc1ea0 ConcurrentGCThread "G1 Main Marker" [stack: 0x0000009afee00000,0x0000009afef00000] [id=11108]
  0x0000027de8bc3050 ConcurrentGCThread "G1 Conc#0" [stack: 0x0000009afef00000,0x0000009aff000000] [id=9312]

[error occurred during error reporting (printing all threads), id 0xc0000005, EXCEPTION_ACCESS_VIOLATION (0xc0000005) at pc=0x00007ff81e41c1e7]

VM state: not at safepoint (not fully initialized)

VM Mutex/Monitor currently owned by a thread:  ([mutex/lock_event])
[0x0000027de8b50930] Heap_lock - owner thread: 0x0000027de8b54e90

Heap address: 0x0000000081e00000, size: 2018 MB, Compressed Oops mode: 32-bit

CDS archive(s) mapped at: [0x0000000000000000-0x0000000000000000-0x0000000000000000), size 0, SharedBaseAddress: 0x0000000800000000, ArchiveRelocationMode: 0.
Narrow klass base: 0x0000000000000000, Narrow klass shift: 0, Narrow klass range: 0x0

GC Precious Log:
<Empty>

Heap:
 garbage-first heap   total 0K, used 0K [0x0000000081e00000, 0x0000000100000000)
  region size 1024K, 0 young (0K), 0 survivors (0K)

[error occurred during error reporting (printing heap information), id 0xc0000005, EXCEPTION_ACCESS_VIOLATION (0xc0000005) at pc=0x00007ff81e8006f9]

GC Heap History (0 events):
No events

Dll operation events (1 events):
Event: 0.060 Loaded shared library F:\3ingeneur\Spring\jeeTools\sts-4.18.0.RELEASE\plugins\org.eclipse.justj.openjdk.hotspot.jre.full.win32.x86_64_17.0.6.v20230204-1729\jre\bin\java.dll

Deoptimization events (0 events):
No events

Classes unloaded (0 events):
No events

Classes redefined (0 events):
No events

Internal exceptions (0 events):
No events

VM Operations (0 events):
No events

Events (0 events):
No events


Dynamic libraries:
0x00007ff646f80000 - 0x00007ff646f8e000 	F:\3ingeneur\Spring\jeeTools\sts-4.18.0.RELEASE\plugins\org.eclipse.justj.openjdk.hotspot.jre.full.win32.x86_64_17.0.6.v20230204-1729\jre\bin\java.exe
0x00007ff87d8d0000 - 0x00007ff87dac8000 	C:\Windows\SYSTEM32\ntdll.dll
0x00007ff87c030000 - 0x00007ff87c0ed000 	C:\Windows\System32\KERNEL32.DLL
0x00007ff87b200000 - 0x00007ff87b4f6000 	C:\Windows\System32\KERNELBASE.dll
0x00007ff87b570000 - 0x00007ff87b670000 	C:\Windows\System32\ucrtbase.dll
0x00007ff865220000 - 0x00007ff865239000 	F:\3ingeneur\Spring\jeeTools\sts-4.18.0.RELEASE\plugins\org.eclipse.justj.openjdk.hotspot.jre.full.win32.x86_64_17.0.6.v20230204-1729\jre\bin\VCRUNTIME140.dll
0x00007ff8766e0000 - 0x00007ff8766f7000 	F:\3ingeneur\Spring\jeeTools\sts-4.18.0.RELEASE\plugins\org.eclipse.justj.openjdk.hotspot.jre.full.win32.x86_64_17.0.6.v20230204-1729\jre\bin\jli.dll
0x00007ff87c8a0000 - 0x00007ff87ca3e000 	C:\Windows\System32\USER32.dll
0x00007ff8636e0000 - 0x00007ff86397a000 	C:\Windows\WinSxS\amd64_microsoft.windows.common-controls_6595b64144ccf1df_6.0.19041.3636_none_60b6a03d71f818d5\COMCTL32.dll
0x00007ff87b8f0000 - 0x00007ff87b912000 	C:\Windows\System32\win32u.dll
0x00007ff87c000000 - 0x00007ff87c02c000 	C:\Windows\System32\GDI32.dll
0x00007ff87b7d0000 - 0x00007ff87b8ea000 	C:\Windows\System32\gdi32full.dll
0x00007ff87b130000 - 0x00007ff87b1cd000 	C:\Windows\System32\msvcp_win.dll
0x00007ff87bba0000 - 0x00007ff87bc3e000 	C:\Windows\System32\msvcrt.dll
0x00007ff87cb10000 - 0x00007ff87cb40000 	C:\Windows\System32\IMM32.DLL
0x00007ff875170000 - 0x00007ff87517c000 	F:\3ingeneur\Spring\jeeTools\sts-4.18.0.RELEASE\plugins\org.eclipse.justj.openjdk.hotspot.jre.full.win32.x86_64_17.0.6.v20230204-1729\jre\bin\vcruntime140_1.dll
0x00007ff82d7c0000 - 0x00007ff82d851000 	F:\3ingeneur\Spring\jeeTools\sts-4.18.0.RELEASE\plugins\org.eclipse.justj.openjdk.hotspot.jre.full.win32.x86_64_17.0.6.v20230204-1729\jre\bin\msvcp140.dll
0x00007ff81e130000 - 0x00007ff81ed77000 	F:\3ingeneur\Spring\jeeTools\sts-4.18.0.RELEASE\plugins\org.eclipse.justj.openjdk.hotspot.jre.full.win32.x86_64_17.0.6.v20230204-1729\jre\bin\server\jvm.dll
0x00007ff87be20000 - 0x00007ff87bed3000 	C:\Windows\System32\ADVAPI32.dll
0x00007ff87d230000 - 0x00007ff87d2cf000 	C:\Windows\System32\sechost.dll
0x00007ff87bc40000 - 0x00007ff87bd66000 	C:\Windows\System32\RPCRT4.dll
0x00007ff87b1d0000 - 0x00007ff87b1f7000 	C:\Windows\System32\bcrypt.dll
0x00007ff863a20000 - 0x00007ff863a29000 	C:\Windows\SYSTEM32\WSOCK32.dll
0x00007ff874a30000 - 0x00007ff874a3a000 	C:\Windows\SYSTEM32\VERSION.dll
0x00007ff861c10000 - 0x00007ff861c37000 	C:\Windows\SYSTEM32\WINMM.dll
0x00007ff87cc50000 - 0x00007ff87ccbb000 	C:\Windows\System32\WS2_32.dll
0x00007ff8797d0000 - 0x00007ff8797e2000 	C:\Windows\SYSTEM32\kernel.appcore.dll
0x00007ff878410000 - 0x00007ff87841a000 	F:\3ingeneur\Spring\jeeTools\sts-4.18.0.RELEASE\plugins\org.eclipse.justj.openjdk.hotspot.jre.full.win32.x86_64_17.0.6.v20230204-1729\jre\bin\jimage.dll
0x00007ff878d10000 - 0x00007ff878ef4000 	C:\Windows\SYSTEM32\DBGHELP.DLL
0x00007ff83f900000 - 0x00007ff83f934000 	C:\Windows\SYSTEM32\dbgcore.DLL
0x00007ff87afa0000 - 0x00007ff87b022000 	C:\Windows\System32\bcryptPrimitives.dll
0x00007ff872b80000 - 0x00007ff872ba5000 	F:\3ingeneur\Spring\jeeTools\sts-4.18.0.RELEASE\plugins\org.eclipse.justj.openjdk.hotspot.jre.full.win32.x86_64_17.0.6.v20230204-1729\jre\bin\java.dll

dbghelp: loaded successfully - version: 4.0.5 - missing functions: none
symbol engine: initialized successfully - sym options: 0x614 - pdb path: .;F:\3ingeneur\Spring\jeeTools\sts-4.18.0.RELEASE\plugins\org.eclipse.justj.openjdk.hotspot.jre.full.win32.x86_64_17.0.6.v20230204-1729\jre\bin;C:\Windows\SYSTEM32;C:\Windows\WinSxS\amd64_microsoft.windows.common-controls_6595b64144ccf1df_6.0.19041.3636_none_60b6a03d71f818d5;F:\3ingeneur\Spring\jeeTools\sts-4.18.0.RELEASE\plugins\org.eclipse.justj.openjdk.hotspot.jre.full.win32.x86_64_17.0.6.v20230204-1729\jre\bin\server

VM Arguments:
java_command: C:\Users\USER\AppData\Local\Temp\surefire16187639577591164726\surefirebooter4146268024283696752.jar C:\Users\USER\AppData\Local\Temp\surefire16187639577591164726 2024-01-12T23-57-04_080-jvmRun1 surefire1155840421383273695tmp surefire_06388410119392976259tmp
java_class_path (initial): C:\Users\USER\AppData\Local\Temp\surefire16187639577591164726\surefirebooter4146268024283696752.jar
Launcher Type: SUN_STANDARD

[Global flags]
     intx CICompilerCount                          = 4                                         {product} {ergonomic}
     uint ConcGCThreads                            = 2                                         {product} {ergonomic}
     uint G1ConcRefinementThreads                  = 8                                         {product} {ergonomic}
   size_t G1HeapRegionSize                         = 1048576                                   {product} {ergonomic}
    uintx GCDrainStackTargetSize                   = 64                                        {product} {ergonomic}
   size_t InitialHeapSize                          = 134217728                                 {product} {ergonomic}
   size_t MarkStackSize                            = 4194304                                   {product} {ergonomic}
   size_t MaxHeapSize                              = 2116026368                                {product} {ergonomic}
   size_t MinHeapDeltaBytes                        = 1048576                                   {product} {ergonomic}
   size_t MinHeapSize                              = 8388608                                   {product} {ergonomic}
    uintx NonNMethodCodeHeapSize                   = 5839372                                {pd product} {ergonomic}
    uintx NonProfiledCodeHeapSize                  = 122909434                              {pd product} {ergonomic}
    uintx ProfiledCodeHeapSize                     = 122909434                              {pd product} {ergonomic}
    uintx ReservedCodeCacheSize                    = 251658240                              {pd product} {ergonomic}
     bool SegmentedCodeCache                       = true                                      {product} {ergonomic}
   size_t SoftMaxHeapSize                          = 2116026368                             {manageable} {ergonomic}
     bool UseCompressedClassPointers               = true                           {product lp64_product} {ergonomic}
     bool UseCompressedOops                        = true                           {product lp64_product} {ergonomic}
     bool UseG1GC                                  = true                                      {product} {ergonomic}
     bool UseLargePagesIndividualAllocation        = false                                  {pd product} {ergonomic}

Logging:
Log output configuration:
 #0: stdout all=warning uptime,level,tags
 #1: stderr all=off uptime,level,tags

Environment Variables:
JAVA_HOME=C:\Program Files\Java\jdk-17.0.5
CLASSPATH=C:\Java\jdk1.8.0_271\lib\*.jar
PATH=F:/3ingeneur/Spring/jeeTools/sts-4.18.0.RELEASE//plugins/org.eclipse.justj.openjdk.hotspot.jre.full.win32.x86_64_17.0.6.v20230204-1729/jre/bin/server;F:/3ingeneur/Spring/jeeTools/sts-4.18.0.RELEASE//plugins/org.eclipse.justj.openjdk.hotspot.jre.full.win32.x86_64_17.0.6.v20230204-1729/jre/bin;C:\Program Files\Java\jdk-17.0.5;C:\apache-maven-3.9.3\bin;C:\Windows\system32;C:\Windows;C:\Windows\System32\Wbem;C:\Windows\System32\WindowsPowerShell\v1.0\;C:\Windows\System32\OpenSSH\;C:\Program Files (x86)\NVIDIA Corporation\PhysX\Common;C:\Program Files\MongoDB\Server\3.4\bin;C:\Windows\System32\cmd.exe;C:\Users\USER\AppData\Roaming\Microsoft\Windows\Start Menu\Programs\Python 3.9;C:\xampp\php;C:\Program Files\dotnet\;C:\Program Files\Microsoft SQL Server\130\Tools\Binn\;C:\Program Files\Microsoft SQL Server\Client SDK\ODBC\170\Tools\Binn\;C:\Program Files (x86)\Microsoft SQL Server\150\DTS\Binn\;C:\Program Files (x86)\Microsoft SQL Server\150\Tools\Binn\;C:\Program Files\Microsoft SQL Server\150\Tools\Binn\;C:\Program Files\Microsoft SQL Server\150\DTS\Binn\;C:\Program Files (x86)\nodejs\;C:\Users\USER\AppData\Local\Pub\Cache\bin;F:\Git\cmd;C:\Program Files\VisualSVN Server\bin;C:\Apache-Subversion\bin;C:\Program Files\TortoiseSVN\bin;C:\ProgramData\ComposerSetup\bin;F:\3ingeneur\SOA\tools\apache-ant-1.10.14\bin;F:\3ingeneur\Spring\apache-maven-3.9.5-bin\apache-maven-3.9.5\bin;C:\Users\USER\AppData\Local\Programs\Python\Python312;C:\Users\USER\AppData\Local\Programs\Python\Python312\Scripts;C:\Users\USER\AppData\Local\Programs\Python\Launcher\;C:\Program Files\Java\jdk-17.0.5\bin;C:\Users\USER\scoop\shims;C:\Users\USER\AppData\Local\Microsoft\WindowsApps;C:\Users\USER\AppData\Local\Programs\Microsoft VS Code\bin;C:\Program Files\MongoDB\Server\3.4\bin;C:\Users\USER\AppData\Roaming\Microsoft\Windows\Start Menu\Programs\Anaconda3 (64-bit);C:\src\flutter\bin;F:\Flutter_SDK\bin;C:\Users\USER\.dotnet\tools;C:\Program Files\Azure Data Studio\bin;C:\Users\USER\AppData\Roaming\
USERNAME=USER
OS=Windows_NT
PROCESSOR_IDENTIFIER=Intel64 Family 6 Model 142 Stepping 10, GenuineIntel
TMP=C:\Users\USER\AppData\Local\Temp
TEMP=C:\Users\USER\AppData\Local\Temp



---------------  S Y S T E M  ---------------

OS:
 Windows 10 , 64 bit Build 19041 (10.0.19041.3636)
OS uptime: 0 days 1:59 hours
Hyper-V role detected

CPU: total 8 (initial active 8) (4 cores per cpu, 2 threads per core) family 6 model 142 stepping 10 microcode 0xb4, cx8, cmov, fxsr, ht, mmx, 3dnowpref, sse, sse2, sse3, ssse3, sse4.1, sse4.2, popcnt, lzcnt, tsc, tscinvbit, avx, avx2, aes, erms, clmul, bmi1, bmi2, adx, fma, vzeroupper, clflush, clflushopt, hv

Memory: 4k page, system-wide physical 8070M (395M free)
TotalPageFile size 10118M (AvailPageFile size 89M)
current process WorkingSet (physical memory assigned to process): 10M, peak: 10M
current process commit charge ("private bytes"): 60M, peak: 188M

vm_info: OpenJDK 64-Bit Server VM (17.0.6+10) for windows-amd64 JRE (17.0.6+10), built on Jan 18 2023 10:08:59 by "temurin" with MS VC++ 16.7 (VS2019)

END.
